[2017-06-30 11:28:10:846] [main] [INFO ] - org.spr.boo.tes.con.SpringBootTestContextBootstrapper - Neither @ContextConfiguration nor @ContextHierarchy found for test class [RedisLockTest], using SpringBootContextLoader
[2017-06-30 11:28:10:855] [main] [INFO ] - org.spr.tes.con.sup.AbstractContextLoader - Could not detect default resource locations for test class [RedisLockTest]: no resource found for suffixes {-context.xml, Context.groovy}.
[2017-06-30 11:28:11:053] [main] [INFO ] - org.spr.boo.tes.con.SpringBootTestContextBootstrapper - Loaded default TestExecutionListener class names from location [META-INF/spring.factories]: [org.springframework.boot.test.mock.mockito.MockitoTestExecutionListener, org.springframework.boot.test.mock.mockito.ResetMocksTestExecutionListener, org.springframework.boot.test.autoconfigure.restdocs.RestDocsTestExecutionListener, org.springframework.boot.test.autoconfigure.web.client.MockRestServiceServerResetTestExecutionListener, org.springframework.boot.test.autoconfigure.web.servlet.MockMvcPrintOnlyOnFailureTestExecutionListener, org.springframework.boot.test.autoconfigure.web.servlet.WebDriverTestExecutionListener, org.springframework.test.context.web.ServletTestExecutionListener, org.springframework.test.context.support.DirtiesContextBeforeModesTestExecutionListener, org.springframework.test.context.support.DependencyInjectionTestExecutionListener, org.springframework.test.context.support.DirtiesContextTestExecutionListener, org.springframework.test.context.transaction.TransactionalTestExecutionListener, org.springframework.test.context.jdbc.SqlScriptsTestExecutionListener]
[2017-06-30 11:28:11:266] [main] [INFO ] - org.spr.boo.tes.con.SpringBootTestContextBootstrapper - Using TestExecutionListeners: [org.springframework.test.context.web.ServletTestExecutionListener@1f97cf0d, org.springframework.test.context.support.DirtiesContextBeforeModesTestExecutionListener@140c9f39, org.springframework.boot.test.autoconfigure.SpringBootDependencyInjectionTestExecutionListener@4d910fd6, org.springframework.test.context.support.DirtiesContextTestExecutionListener@26275bef, org.springframework.test.context.transaction.TransactionalTestExecutionListener@7690781, org.springframework.test.context.jdbc.SqlScriptsTestExecutionListener@77eca502, org.springframework.boot.test.mock.mockito.ResetMocksTestExecutionListener@3246fb96, org.springframework.boot.test.autoconfigure.web.servlet.WebDriverTestExecutionListener@2e222612, org.springframework.boot.test.mock.mockito.MockitoTestExecutionListener@61386958, org.springframework.boot.test.autoconfigure.restdocs.RestDocsTestExecutionListener@73ee04c8, org.springframework.boot.test.autoconfigure.web.servlet.MockMvcPrintOnlyOnFailureTestExecutionListener@7671cb68, org.springframework.boot.test.autoconfigure.web.client.MockRestServiceServerResetTestExecutionListener@49dc7102]
[2017-06-30 11:28:12:619] [main] [INFO ] - RedisLockTest - Starting RedisLockTest on dell-3020-PC with PID 13852 (started by dell-3020 in D:\git\master\java-demo)
[2017-06-30 11:28:12:619] [main] [INFO ] - RedisLockTest - The following profiles are active: test
[2017-06-30 11:28:12:657] [background-preinit] [INFO ] - org.hib.val.int.uti.Version - HV000001: Hibernate Validator 5.2.4.Final
[2017-06-30 11:28:13:276] [main] [INFO ] - org.spr.web.con.sup.GenericWebApplicationContext - Refreshing org.springframework.web.context.support.GenericWebApplicationContext@5ce8d869: startup date [Fri Jun 30 11:28:13 CST 2017]; root of context hierarchy
[2017-06-30 11:28:18:832] [main] [INFO ] - org.spr.bea.fac.xml.XmlBeanDefinitionReader - Loading XML bean definitions from class path resource [META-INF/cxf/cxf.xml]
[2017-06-30 11:28:20:720] [main] [INFO ] - com.git.lts.cor.log.LoggerFactory - using logger: com.github.ltsopensource.core.logger.slf4j.Slf4jLoggerAdapter
[2017-06-30 11:28:21:678] [main] [INFO ] - org.spr.con.sup.PostProcessorRegistrationDelegate$BeanPostProcessorChecker - Bean 'org.springframework.amqp.rabbit.annotation.RabbitBootstrapConfiguration' of type [class org.springframework.amqp.rabbit.annotation.RabbitBootstrapConfiguration$$EnhancerBySpringCGLIB$$d7ee9e96] is not eligible for getting processed by all BeanPostProcessors (for example: not eligible for auto-proxying)
[2017-06-30 11:28:21:811] [main] [INFO ] - org.spr.con.sup.PostProcessorRegistrationDelegate$BeanPostProcessorChecker - Bean 'org.springframework.ws.config.annotation.DelegatingWsConfiguration' of type [class org.springframework.ws.config.annotation.DelegatingWsConfiguration$$EnhancerBySpringCGLIB$$b61aa567] is not eligible for getting processed by all BeanPostProcessors (for example: not eligible for auto-proxying)
[2017-06-30 11:28:21:917] [main] [INFO ] - org.spr.ws.soa.add.ser.AnnotationActionEndpointMapping - Supporting [WS-Addressing August 2004, WS-Addressing 1.0]
[2017-06-30 11:28:22:109] [main] [INFO ] - org.spr.con.sup.PostProcessorRegistrationDelegate$BeanPostProcessorChecker - Bean 'org.springframework.transaction.annotation.ProxyTransactionManagementConfiguration' of type [class org.springframework.transaction.annotation.ProxyTransactionManagementConfiguration$$EnhancerBySpringCGLIB$$1182e068] is not eligible for getting processed by all BeanPostProcessors (for example: not eligible for auto-proxying)
[2017-06-30 11:28:27:811] [main] [INFO ] - org.spr.aop.fra.CglibAopProxy - Unable to proxy method [protected final java.security.MessageDigest org.springframework.security.authentication.encoding.MessageDigestPasswordEncoder.getMessageDigest() throws java.lang.IllegalArgumentException] because it is final: All calls to this method via a proxy will NOT be routed to the target instance.
[2017-06-30 11:28:29:090] [main] [INFO ] - com.hc.hen.ser.con.RedisConfig - JedisPool注入成功！！
[2017-06-30 11:28:29:090] [main] [INFO ] - com.hc.hen.ser.con.RedisConfig - redis地址：10.100.19.228:6379
[2017-06-30 11:28:29:470] [main] [INFO ] - com.hc.hen.ser.con.ApiVersionRequestMappingHandlerMapping - Mapped "{[/]}" onto public java.lang.String com.hc.henghuirong.server.controller.admin.IndexController.index()
[2017-06-30 11:28:29:476] [main] [INFO ] - com.hc.hen.ser.con.ApiVersionRequestMappingHandlerMapping - Mapped "{[/ip/{id}/delete],methods=[DELETE]}" onto public void com.hc.henghuirong.server.controller.admin.IpPathController.delete(java.lang.Integer)
[2017-06-30 11:28:29:476] [main] [INFO ] - com.hc.hen.ser.con.ApiVersionRequestMappingHandlerMapping - Mapped "{[/ip],methods=[GET]}" onto public java.lang.String com.hc.henghuirong.server.controller.admin.IpPathController.list(org.springframework.ui.Model)
[2017-06-30 11:28:29:476] [main] [INFO ] - com.hc.hen.ser.con.ApiVersionRequestMappingHandlerMapping - Mapped "{[/ip/add],methods=[POST]}" onto public java.lang.String com.hc.henghuirong.server.controller.admin.IpPathController.create(com.hc.henghuirong.server.common.model.auth.IpPathControl)
[2017-06-30 11:28:29:476] [main] [INFO ] - com.hc.hen.ser.con.ApiVersionRequestMappingHandlerMapping - Mapped "{[/ip/{id}/modify],methods=[POST]}" onto public java.lang.String com.hc.henghuirong.server.controller.admin.IpPathController.modify(java.lang.Integer,com.hc.henghuirong.server.common.model.auth.IpPathControl)
[2017-06-30 11:28:29:476] [main] [INFO ] - com.hc.hen.ser.con.ApiVersionRequestMappingHandlerMapping - Mapped "{[/ip/{id}/status],methods=[PUT]}" onto public void com.hc.henghuirong.server.controller.admin.IpPathController.switchPathStatus(java.lang.Integer,boolean,java.lang.String)
[2017-06-30 11:28:29:476] [main] [INFO ] - com.hc.hen.ser.con.ApiVersionRequestMappingHandlerMapping - Mapped "{[/ip/form],methods=[GET]}" onto public java.lang.String com.hc.henghuirong.server.controller.admin.IpPathController.toform(java.lang.Integer,org.springframework.ui.Model)
[2017-06-30 11:28:29:481] [main] [INFO ] - com.hc.hen.ser.con.ApiVersionRequestMappingHandlerMapping - Mapped "{[/menu/{id}/delete],methods=[DELETE]}" onto public void com.hc.henghuirong.server.controller.admin.MenuController.delete(java.lang.String)
[2017-06-30 11:28:29:481] [main] [INFO ] - com.hc.hen.ser.con.ApiVersionRequestMappingHandlerMapping - Mapped "{[/menu],methods=[GET]}" onto public java.lang.String com.hc.henghuirong.server.controller.admin.MenuController.list(org.springframework.ui.Model)
[2017-06-30 11:28:29:481] [main] [INFO ] - com.hc.hen.ser.con.ApiVersionRequestMappingHandlerMapping - Mapped "{[/menu/add],methods=[POST]}" onto public java.lang.String com.hc.henghuirong.server.controller.admin.MenuController.create(com.hc.henghuirong.server.common.model.auth.vo.MenuCreateCommand)
[2017-06-30 11:28:29:481] [main] [INFO ] - com.hc.hen.ser.con.ApiVersionRequestMappingHandlerMapping - Mapped "{[/menu/{id}/modify],methods=[POST]}" onto public java.lang.String com.hc.henghuirong.server.controller.admin.MenuController.modify(java.lang.String,com.hc.henghuirong.server.common.model.auth.vo.MenuUpdateCommond)
[2017-06-30 11:28:29:481] [main] [INFO ] - com.hc.hen.ser.con.ApiVersionRequestMappingHandlerMapping - Mapped "{[/menu/{id}/status],methods=[PUT]}" onto public void com.hc.henghuirong.server.controller.admin.MenuController.switchStatus(java.lang.String,boolean)
[2017-06-30 11:28:29:481] [main] [INFO ] - com.hc.hen.ser.con.ApiVersionRequestMappingHandlerMapping - Mapped "{[/menu/form],methods=[GET]}" onto public java.lang.String com.hc.henghuirong.server.controller.admin.MenuController.toform(java.lang.String,boolean,org.springframework.ui.Model)
[2017-06-30 11:28:29:485] [main] [INFO ] - com.hc.hen.ser.con.ApiVersionRequestMappingHandlerMapping - Mapped "{[/resource/{id}/delete],methods=[DELETE]}" onto public void com.hc.henghuirong.server.controller.admin.ResourceController.delete(java.lang.String)
[2017-06-30 11:28:29:485] [main] [INFO ] - com.hc.hen.ser.con.ApiVersionRequestMappingHandlerMapping - Mapped "{[/resource],methods=[GET]}" onto public java.lang.String com.hc.henghuirong.server.controller.admin.ResourceController.list(org.springframework.ui.Model)
[2017-06-30 11:28:29:485] [main] [INFO ] - com.hc.hen.ser.con.ApiVersionRequestMappingHandlerMapping - Mapped "{[/resource/add],methods=[POST]}" onto public java.lang.String com.hc.henghuirong.server.controller.admin.ResourceController.create(com.hc.henghuirong.server.common.model.auth.Resource)
[2017-06-30 11:28:29:485] [main] [INFO ] - com.hc.hen.ser.con.ApiVersionRequestMappingHandlerMapping - Mapped "{[/resource/{id}/modify],methods=[POST]}" onto public java.lang.String com.hc.henghuirong.server.controller.admin.ResourceController.modify(java.lang.String,com.hc.henghuirong.server.common.model.auth.Resource)
[2017-06-30 11:28:29:486] [main] [INFO ] - com.hc.hen.ser.con.ApiVersionRequestMappingHandlerMapping - Mapped "{[/resource/{id}/status],methods=[PUT]}" onto public void com.hc.henghuirong.server.controller.admin.ResourceController.switchStatus(java.lang.String,boolean)
[2017-06-30 11:28:29:486] [main] [INFO ] - com.hc.hen.ser.con.ApiVersionRequestMappingHandlerMapping - Mapped "{[/resource/form],methods=[GET]}" onto public java.lang.String com.hc.henghuirong.server.controller.admin.ResourceController.toform(java.lang.String,org.springframework.ui.Model)
[2017-06-30 11:28:29:488] [main] [INFO ] - com.hc.hen.ser.con.ApiVersionRequestMappingHandlerMapping - Mapped "{[/role/{id}/delete],methods=[DELETE]}" onto public void com.hc.henghuirong.server.controller.admin.RoleController.delete(java.lang.String)
[2017-06-30 11:28:29:489] [main] [INFO ] - com.hc.hen.ser.con.ApiVersionRequestMappingHandlerMapping - Mapped "{[/role],methods=[GET]}" onto public java.lang.String com.hc.henghuirong.server.controller.admin.RoleController.list(org.springframework.ui.Model)
[2017-06-30 11:28:29:489] [main] [INFO ] - com.hc.hen.ser.con.ApiVersionRequestMappingHandlerMapping - Mapped "{[/role/add],methods=[POST]}" onto public java.lang.String com.hc.henghuirong.server.controller.admin.RoleController.create(com.hc.henghuirong.server.common.model.auth.Role)
[2017-06-30 11:28:29:489] [main] [INFO ] - com.hc.hen.ser.con.ApiVersionRequestMappingHandlerMapping - Mapped "{[/role/{id}/modify],methods=[POST]}" onto public java.lang.String com.hc.henghuirong.server.controller.admin.RoleController.modify(java.lang.String,com.hc.henghuirong.server.common.model.auth.Role)
[2017-06-30 11:28:29:489] [main] [INFO ] - com.hc.hen.ser.con.ApiVersionRequestMappingHandlerMapping - Mapped "{[/role/{id}/status],methods=[PUT]}" onto public void com.hc.henghuirong.server.controller.admin.RoleController.switchStatus(java.lang.String,boolean)
[2017-06-30 11:28:29:489] [main] [INFO ] - com.hc.hen.ser.con.ApiVersionRequestMappingHandlerMapping - Mapped "{[/role/{id}/select-resource],methods=[GET]}" onto public java.lang.String com.hc.henghuirong.server.controller.admin.RoleController.selectRole(java.lang.String,org.springframework.ui.Model)
[2017-06-30 11:28:29:489] [main] [INFO ] - com.hc.hen.ser.con.ApiVersionRequestMappingHandlerMapping - Mapped "{[/role/{id}/select-menu],methods=[GET]}" onto public java.lang.String com.hc.henghuirong.server.controller.admin.RoleController.selectMenu(java.lang.String,org.springframework.ui.Model)
[2017-06-30 11:28:29:489] [main] [INFO ] - com.hc.hen.ser.con.ApiVersionRequestMappingHandlerMapping - Mapped "{[/role/{id}/grant-resource],methods=[POST]}" onto public java.lang.String com.hc.henghuirong.server.controller.admin.RoleController.grantResources(java.lang.String,java.lang.String[])
[2017-06-30 11:28:29:489] [main] [INFO ] - com.hc.hen.ser.con.ApiVersionRequestMappingHandlerMapping - Mapped "{[/role/{id}/grant-menu],methods=[POST]}" onto public java.lang.String com.hc.henghuirong.server.controller.admin.RoleController.grantMenu(java.lang.String,java.lang.String[])
[2017-06-30 11:28:29:489] [main] [INFO ] - com.hc.hen.ser.con.ApiVersionRequestMappingHandlerMapping - Mapped "{[/role/form],methods=[GET]}" onto public java.lang.String com.hc.henghuirong.server.controller.admin.RoleController.toform(java.lang.String,org.springframework.ui.Model)
[2017-06-30 11:28:29:490] [main] [INFO ] - com.hc.hen.ser.con.ApiVersionRequestMappingHandlerMapping - Mapped "{[/syslog],methods=[DELETE]}" onto public void com.hc.henghuirong.server.controller.admin.SysLogController.clear()
[2017-06-30 11:28:29:490] [main] [INFO ] - com.hc.hen.ser.con.ApiVersionRequestMappingHandlerMapping - Mapped "{[/syslog],methods=[GET]}" onto public java.lang.String com.hc.henghuirong.server.controller.admin.SysLogController.list(org.springframework.ui.Model)
[2017-06-30 11:28:29:491] [main] [INFO ] - com.hc.hen.ser.con.ApiVersionRequestMappingHandlerMapping - Mapped "{[/third/{id}/delete],methods=[DELETE]}" onto public void com.hc.henghuirong.server.controller.admin.ThirdPartyController.delete(java.lang.Integer)
[2017-06-30 11:28:29:491] [main] [INFO ] - com.hc.hen.ser.con.ApiVersionRequestMappingHandlerMapping - Mapped "{[/third],methods=[GET]}" onto public java.lang.String com.hc.henghuirong.server.controller.admin.ThirdPartyController.list(org.springframework.ui.Model)
[2017-06-30 11:28:29:491] [main] [INFO ] - com.hc.hen.ser.con.ApiVersionRequestMappingHandlerMapping - Mapped "{[/third/add],methods=[POST]}" onto public java.lang.String com.hc.henghuirong.server.controller.admin.ThirdPartyController.create(com.hc.henghuirong.server.common.model.auth.ThirdParty)
[2017-06-30 11:28:29:491] [main] [INFO ] - com.hc.hen.ser.con.ApiVersionRequestMappingHandlerMapping - Mapped "{[/third/{id}/modify],methods=[POST]}" onto public java.lang.String com.hc.henghuirong.server.controller.admin.ThirdPartyController.modify(java.lang.Integer,com.hc.henghuirong.server.common.model.auth.ThirdParty)
[2017-06-30 11:28:29:491] [main] [INFO ] - com.hc.hen.ser.con.ApiVersionRequestMappingHandlerMapping - Mapped "{[/third/{id}/status],methods=[PUT]}" onto public void com.hc.henghuirong.server.controller.admin.ThirdPartyController.switchPathStatus(java.lang.Integer,java.lang.Integer)
[2017-06-30 11:28:29:491] [main] [INFO ] - com.hc.hen.ser.con.ApiVersionRequestMappingHandlerMapping - Mapped "{[/third/form],methods=[GET]}" onto public java.lang.String com.hc.henghuirong.server.controller.admin.ThirdPartyController.toform(java.lang.Integer,org.springframework.ui.Model)
[2017-06-30 11:28:29:494] [main] [INFO ] - com.hc.hen.ser.con.ApiVersionRequestMappingHandlerMapping - Mapped "{[/user/form],methods=[GET]}" onto public java.lang.String com.hc.henghuirong.server.controller.admin.UserController.form(java.lang.String,org.springframework.ui.Model)
[2017-06-30 11:28:29:494] [main] [INFO ] - com.hc.hen.ser.con.ApiVersionRequestMappingHandlerMapping - Mapped "{[/user/{id}/delete],methods=[DELETE]}" onto public void com.hc.henghuirong.server.controller.admin.UserController.delete(java.lang.String)
[2017-06-30 11:28:29:494] [main] [INFO ] - com.hc.hen.ser.con.ApiVersionRequestMappingHandlerMapping - Mapped "{[/user],methods=[GET]}" onto public java.lang.String com.hc.henghuirong.server.controller.admin.UserController.list(org.springframework.ui.Model)
[2017-06-30 11:28:29:494] [main] [INFO ] - com.hc.hen.ser.con.ApiVersionRequestMappingHandlerMapping - Mapped "{[/user/add],methods=[POST]}" onto public java.lang.String com.hc.henghuirong.server.controller.admin.UserController.create(com.hc.henghuirong.server.common.model.auth.vo.UserCommond)
[2017-06-30 11:28:29:494] [main] [INFO ] - com.hc.hen.ser.con.ApiVersionRequestMappingHandlerMapping - Mapped "{[/user/{id}/modify],methods=[POST]}" onto public java.lang.String com.hc.henghuirong.server.controller.admin.UserController.modify(java.lang.String,com.hc.henghuirong.server.common.model.auth.vo.UserCommond)
[2017-06-30 11:28:29:495] [main] [INFO ] - com.hc.hen.ser.con.ApiVersionRequestMappingHandlerMapping - Mapped "{[/user/logout],methods=[GET]}" onto public java.lang.String com.hc.henghuirong.server.controller.admin.UserController.logout(javax.servlet.http.HttpServletRequest,javax.servlet.http.HttpServletResponse)
[2017-06-30 11:28:29:495] [main] [INFO ] - com.hc.hen.ser.con.ApiVersionRequestMappingHandlerMapping - Mapped "{[/user/{id}/status],methods=[PUT]}" onto public void com.hc.henghuirong.server.controller.admin.UserController.switchStatus(java.lang.String,boolean)
[2017-06-30 11:28:29:495] [main] [INFO ] - com.hc.hen.ser.con.ApiVersionRequestMappingHandlerMapping - Mapped "{[/user/{id}/select-role],methods=[GET]}" onto public java.lang.String com.hc.henghuirong.server.controller.admin.UserController.selectRole(java.lang.String,org.springframework.ui.Model)
[2017-06-30 11:28:29:495] [main] [INFO ] - com.hc.hen.ser.con.ApiVersionRequestMappingHandlerMapping - Mapped "{[/user/profile],methods=[GET]}" onto public java.lang.String com.hc.henghuirong.server.controller.admin.UserController.myinfo()
[2017-06-30 11:28:29:495] [main] [INFO ] - com.hc.hen.ser.con.ApiVersionRequestMappingHandlerMapping - Mapped "{[/user/{id}/grant-role],methods=[POST]}" onto public java.lang.String com.hc.henghuirong.server.controller.admin.UserController.grantRole(java.lang.String,java.lang.String[])
[2017-06-30 11:28:29:495] [main] [INFO ] - com.hc.hen.ser.con.ApiVersionRequestMappingHandlerMapping - Mapped "{[/user/modify-profile],methods=[POST]}" onto public java.lang.String com.hc.henghuirong.server.controller.admin.UserController.modifyProfile(com.hc.henghuirong.server.common.model.auth.vo.ProfileCommand)
[2017-06-30 11:28:29:495] [main] [INFO ] - com.hc.hen.ser.con.ApiVersionRequestMappingHandlerMapping - Mapped "{[/user/selectusername],methods=[GET]}" onto public java.lang.String com.hc.henghuirong.server.controller.admin.UserController.selectusername(java.lang.String) throws java.io.IOException
[2017-06-30 11:28:29:495] [main] [INFO ] - com.hc.hen.ser.con.ApiVersionRequestMappingHandlerMapping - Mapped "{[/user/selectuseremail],methods=[GET]}" onto public java.lang.String com.hc.henghuirong.server.controller.admin.UserController.selectuseremail(java.lang.String) throws java.io.IOException
[2017-06-30 11:28:29:498] [main] [INFO ] - com.hc.hen.ser.con.ApiVersionRequestMappingHandlerMapping - Mapped "{[/check/sign]}" onto public com.hc.henghuirong.server.common.model.Result<java.lang.Integer> com.hc.henghuirong.server.controller.CheckSignController.sign(com.hc.henghuirong.server.common.model.req.TestReq)
[2017-06-30 11:28:29:498] [main] [INFO ] - com.hc.hen.ser.con.ApiVersionRequestMappingHandlerMapping - Mapped "{[/health]}" onto public java.util.Map<java.lang.String, java.lang.Object> com.hc.henghuirong.server.controller.HealthController.getHealth()
[2017-06-30 11:28:29:503] [main] [INFO ] - com.hc.hen.ser.con.ApiVersionRequestMappingHandlerMapping - Mapped "{[/v12/hello/index],methods=[GET]}" onto public java.lang.String com.hc.henghuirong.server.controller.HelloController.index()
[2017-06-30 11:28:29:504] [main] [INFO ] - com.hc.hen.ser.con.ApiVersionRequestMappingHandlerMapping - Mapped "{[/hello/getOBjWithException],methods=[POST]}" onto public com.hc.henghuirong.server.common.model.Result<java.lang.String> com.hc.henghuirong.server.controller.HelloController.getObjWithException()
[2017-06-30 11:28:29:504] [main] [INFO ] - com.hc.hen.ser.con.ApiVersionRequestMappingHandlerMapping - Mapped "{[/hello/getOBj],methods=[POST]}" onto public com.hc.henghuirong.server.common.model.Result<java.lang.String> com.hc.henghuirong.server.controller.HelloController.getObj()
[2017-06-30 11:28:29:504] [main] [INFO ] - com.hc.hen.ser.con.ApiVersionRequestMappingHandlerMapping - Mapped "{[/v11/hello/path || /v13/hello/path],methods=[GET]}" onto public java.util.List com.hc.henghuirong.server.controller.HelloController.index12(javax.servlet.http.HttpServletRequest)
[2017-06-30 11:28:29:507] [main] [INFO ] - com.hc.hen.ser.con.ApiVersionRequestMappingHandlerMapping - Mapped "{[/inner/fe/hello],methods=[GET]}" onto public java.lang.String com.hc.henghuirong.server.controller.inner.FeController.index(org.springframework.ui.ModelMap)
[2017-06-30 11:28:29:507] [main] [INFO ] - com.hc.hen.ser.con.ApiVersionRequestMappingHandlerMapping - Mapped "{[/inner/fe/index],methods=[GET]}" onto public java.lang.String com.hc.henghuirong.server.controller.inner.FeController.hello()
[2017-06-30 11:28:29:508] [main] [INFO ] - com.hc.hen.ser.con.ApiVersionRequestMappingHandlerMapping - Mapped "{[/login]}" onto public java.lang.String com.hc.henghuirong.server.controller.LoginController.login()
[2017-06-30 11:28:29:509] [main] [INFO ] - com.hc.hen.ser.con.ApiVersionRequestMappingHandlerMapping - Mapped "{[/error/info]}" onto public com.hc.henghuirong.server.common.model.Result com.hc.henghuirong.server.controller.MyErrorController.myError()
[2017-06-30 11:28:29:509] [main] [INFO ] - com.hc.hen.ser.con.ApiVersionRequestMappingHandlerMapping - Mapped "{[/mail]}" onto public com.hc.henghuirong.server.common.model.Result com.hc.henghuirong.server.controller.SendMailController.sendMail()
[2017-06-30 11:28:29:510] [main] [INFO ] - com.hc.hen.ser.con.ApiVersionRequestMappingHandlerMapping - Mapped "{[/mailAtt]}" onto public com.hc.henghuirong.server.common.model.Result com.hc.henghuirong.server.controller.SendMailController.sendMailAtt()
[2017-06-30 11:28:29:510] [main] [INFO ] - com.hc.hen.ser.con.ApiVersionRequestMappingHandlerMapping - Mapped "{[/henghr/sign]}" onto public com.hc.henghuirong.server.common.model.Result com.hc.henghuirong.server.controller.SignController.sign(com.hc.henghuirong.server.common.model.req.SignReq)
[2017-06-30 11:28:29:512] [main] [INFO ] - com.hc.hen.ser.con.ApiVersionRequestMappingHandlerMapping - Mapped "{[/swagger/index],methods=[GET]}" onto public java.lang.String com.hc.henghuirong.server.controller.SwaggerController.index()
[2017-06-30 11:28:29:521] [main] [INFO ] - com.hc.hen.ser.con.ApiVersionRequestMappingHandlerMapping - Mapped "{[/v2/api-docs],methods=[GET],produces=[application/json || application/hal+json]}" onto public org.springframework.http.ResponseEntity<springfox.documentation.spring.web.json.Json> springfox.documentation.swagger2.web.Swagger2Controller.getDocumentation(java.lang.String,javax.servlet.http.HttpServletRequest)
[2017-06-30 11:28:29:524] [main] [INFO ] - com.hc.hen.ser.con.ApiVersionRequestMappingHandlerMapping - Mapped "{[/swagger-resources/configuration/security]}" onto org.springframework.http.ResponseEntity<springfox.documentation.swagger.web.SecurityConfiguration> springfox.documentation.swagger.web.ApiResourceController.securityConfiguration()
[2017-06-30 11:28:29:525] [main] [INFO ] - com.hc.hen.ser.con.ApiVersionRequestMappingHandlerMapping - Mapped "{[/swagger-resources]}" onto org.springframework.http.ResponseEntity<java.util.List<springfox.documentation.swagger.web.SwaggerResource>> springfox.documentation.swagger.web.ApiResourceController.swaggerResources()
[2017-06-30 11:28:29:525] [main] [INFO ] - com.hc.hen.ser.con.ApiVersionRequestMappingHandlerMapping - Mapped "{[/swagger-resources/configuration/ui]}" onto org.springframework.http.ResponseEntity<springfox.documentation.swagger.web.UiConfiguration> springfox.documentation.swagger.web.ApiResourceController.uiConfiguration()
[2017-06-30 11:28:29:530] [main] [INFO ] - com.hc.hen.ser.con.ApiVersionRequestMappingHandlerMapping - Mapped "{[/error]}" onto public org.springframework.http.ResponseEntity<java.util.Map<java.lang.String, java.lang.Object>> org.springframework.boot.autoconfigure.web.BasicErrorController.error(javax.servlet.http.HttpServletRequest)
[2017-06-30 11:28:29:530] [main] [INFO ] - com.hc.hen.ser.con.ApiVersionRequestMappingHandlerMapping - Mapped "{[/error],produces=[text/html]}" onto public org.springframework.web.servlet.ModelAndView org.springframework.boot.autoconfigure.web.BasicErrorController.errorHtml(javax.servlet.http.HttpServletRequest,javax.servlet.http.HttpServletResponse)
[2017-06-30 11:28:30:066] [Thread-3] [INFO ] - com.hc.hen.ser.con.SQLMonitorInterceptor - Original sql:update uid_sequence set max_id = max_id + ?,param:{batchCount=20, param1=20}
[2017-06-30 11:28:30:072] [Thread-3] [INFO ] - com.hc.hen.ser.con.SQLMonitorInterceptor - Execute sql: update uid_sequence set max_id = max_id + ?
[2017-06-30 11:28:30:551] [main] [INFO ] - org.spr.web.ser.vie.fre.FreeMarkerConfigurer - ClassTemplateLoader for Spring macros added to FreeMarker configuration
[2017-06-30 11:28:30:715] [Thread-3] [INFO ] - com.hc.hen.ser.con.SQLMonitorInterceptor - Original sql:select id, max_id as maxId from uid_sequence limit 1,param:null
[2017-06-30 11:28:30:715] [Thread-3] [INFO ] - com.hc.hen.ser.con.SQLMonitorInterceptor - Execute sql: select id, max_id as maxId from uid_sequence limit 1
[2017-06-30 11:28:31:091] [Thread-3] [INFO ] - com.hc.hen.ser.con.IdProducer - producer产生数据：11901
[2017-06-30 11:28:31:091] [Thread-3] [INFO ] - com.hc.hen.ser.con.IdProducer - producer放入数据：11901
[2017-06-30 11:28:31:091] [Thread-3] [INFO ] - com.hc.hen.ser.con.IdProducer - producer产生数据：11902
[2017-06-30 11:28:31:091] [Thread-3] [INFO ] - com.hc.hen.ser.con.IdProducer - producer放入数据：11902
[2017-06-30 11:28:31:091] [Thread-3] [INFO ] - com.hc.hen.ser.con.IdProducer - producer产生数据：11903
[2017-06-30 11:28:31:091] [Thread-3] [INFO ] - com.hc.hen.ser.con.IdProducer - producer放入数据：11903
[2017-06-30 11:28:31:091] [Thread-3] [INFO ] - com.hc.hen.ser.con.IdProducer - producer产生数据：11904
[2017-06-30 11:28:31:091] [Thread-3] [INFO ] - com.hc.hen.ser.con.IdProducer - producer放入数据：11904
[2017-06-30 11:28:31:091] [Thread-3] [INFO ] - com.hc.hen.ser.con.IdProducer - producer产生数据：11905
[2017-06-30 11:28:31:091] [Thread-3] [INFO ] - com.hc.hen.ser.con.IdProducer - producer放入数据：11905
[2017-06-30 11:28:31:091] [Thread-3] [INFO ] - com.hc.hen.ser.con.IdProducer - producer产生数据：11906
[2017-06-30 11:28:31:091] [Thread-3] [INFO ] - com.hc.hen.ser.con.IdProducer - producer放入数据：11906
[2017-06-30 11:28:31:091] [Thread-3] [INFO ] - com.hc.hen.ser.con.IdProducer - producer产生数据：11907
[2017-06-30 11:28:31:091] [Thread-3] [INFO ] - com.hc.hen.ser.con.IdProducer - producer放入数据：11907
[2017-06-30 11:28:31:091] [Thread-3] [INFO ] - com.hc.hen.ser.con.IdProducer - producer产生数据：11908
[2017-06-30 11:28:31:091] [Thread-3] [INFO ] - com.hc.hen.ser.con.IdProducer - producer放入数据：11908
[2017-06-30 11:28:31:091] [Thread-3] [INFO ] - com.hc.hen.ser.con.IdProducer - producer产生数据：11909
[2017-06-30 11:28:31:091] [Thread-3] [INFO ] - com.hc.hen.ser.con.IdProducer - producer放入数据：11909
[2017-06-30 11:28:31:091] [Thread-3] [INFO ] - com.hc.hen.ser.con.IdProducer - producer产生数据：11910
[2017-06-30 11:28:31:091] [Thread-3] [INFO ] - com.hc.hen.ser.con.IdProducer - producer放入数据：11910
[2017-06-30 11:28:31:091] [Thread-3] [INFO ] - com.hc.hen.ser.con.IdProducer - producer产生数据：11911
[2017-06-30 11:28:31:091] [Thread-3] [INFO ] - com.hc.hen.ser.con.IdProducer - producer放入数据：11911
[2017-06-30 11:28:31:091] [Thread-3] [INFO ] - com.hc.hen.ser.con.IdProducer - producer产生数据：11912
[2017-06-30 11:28:31:091] [Thread-3] [INFO ] - com.hc.hen.ser.con.IdProducer - producer放入数据：11912
[2017-06-30 11:28:31:091] [Thread-3] [INFO ] - com.hc.hen.ser.con.IdProducer - producer产生数据：11913
[2017-06-30 11:28:31:097] [Thread-3] [INFO ] - com.hc.hen.ser.con.IdProducer - producer放入数据：11913
[2017-06-30 11:28:31:097] [Thread-3] [INFO ] - com.hc.hen.ser.con.IdProducer - producer产生数据：11914
[2017-06-30 11:28:31:098] [Thread-3] [INFO ] - com.hc.hen.ser.con.IdProducer - producer放入数据：11914
[2017-06-30 11:28:31:098] [Thread-3] [INFO ] - com.hc.hen.ser.con.IdProducer - producer产生数据：11915
[2017-06-30 11:28:31:098] [Thread-3] [INFO ] - com.hc.hen.ser.con.IdProducer - producer放入数据：11915
[2017-06-30 11:28:31:098] [Thread-3] [INFO ] - com.hc.hen.ser.con.IdProducer - producer产生数据：11916
[2017-06-30 11:28:31:098] [Thread-3] [INFO ] - com.hc.hen.ser.con.IdProducer - producer放入数据：11916
[2017-06-30 11:28:31:098] [Thread-3] [INFO ] - com.hc.hen.ser.con.IdProducer - producer产生数据：11917
[2017-06-30 11:28:31:098] [Thread-3] [INFO ] - com.hc.hen.ser.con.IdProducer - producer放入数据：11917
[2017-06-30 11:28:31:098] [Thread-3] [INFO ] - com.hc.hen.ser.con.IdProducer - producer产生数据：11918
[2017-06-30 11:28:31:098] [Thread-3] [INFO ] - com.hc.hen.ser.con.IdProducer - producer放入数据：11918
[2017-06-30 11:28:31:098] [Thread-3] [INFO ] - com.hc.hen.ser.con.IdProducer - producer产生数据：11919
[2017-06-30 11:28:31:098] [Thread-3] [INFO ] - com.hc.hen.ser.con.IdProducer - producer放入数据：11919
[2017-06-30 11:28:31:098] [Thread-3] [INFO ] - com.hc.hen.ser.con.IdProducer - producer产生数据：11920
[2017-06-30 11:28:31:098] [Thread-3] [INFO ] - com.hc.hen.ser.con.IdProducer - producer放入数据：11920
[2017-06-30 11:28:37:534] [main] [INFO ] - org.spr.web.ser.han.SimpleUrlHandlerMapping - Mapped URL path [/bootstrap/**] onto handler of type [class org.springframework.web.servlet.resource.ResourceHttpRequestHandler]
[2017-06-30 11:28:37:534] [main] [INFO ] - org.spr.web.ser.han.SimpleUrlHandlerMapping - Mapped URL path [/dist/**] onto handler of type [class org.springframework.web.servlet.resource.ResourceHttpRequestHandler]
[2017-06-30 11:28:37:534] [main] [INFO ] - org.spr.web.ser.han.SimpleUrlHandlerMapping - Mapped URL path [/js/**] onto handler of type [class org.springframework.web.servlet.resource.ResourceHttpRequestHandler]
[2017-06-30 11:28:37:534] [main] [INFO ] - org.spr.web.ser.han.SimpleUrlHandlerMapping - Mapped URL path [/plugins/**] onto handler of type [class org.springframework.web.servlet.resource.ResourceHttpRequestHandler]
[2017-06-30 11:28:37:857] [main] [INFO ] - org.spr.web.ser.mvc.met.ann.RequestMappingHandlerAdapter - Looking for @ControllerAdvice: org.springframework.web.context.support.GenericWebApplicationContext@5ce8d869: startup date [Fri Jun 30 11:28:13 CST 2017]; root of context hierarchy
[2017-06-30 11:28:37:866] [main] [INFO ] - org.spr.web.ser.mvc.met.ann.RequestMappingHandlerAdapter - Detected @ModelAttribute methods in publicAdvice
[2017-06-30 11:28:38:034] [main] [INFO ] - org.spr.web.ser.mvc.met.ann.ExceptionHandlerExceptionResolver - Detected @ExceptionHandler methods in publicAdvice
[2017-06-30 11:28:38:940] [main] [INFO ] - com.hc.hen.ser.con.SQLMonitorInterceptor - Original sql:select * from role limit 100,param:null
[2017-06-30 11:28:38:940] [main] [INFO ] - com.hc.hen.ser.con.SQLMonitorInterceptor - Execute sql: select * from role limit 100
[2017-06-30 11:28:39:313] [main] [INFO ] - org.spr.sec.web.DefaultSecurityFilterChain - Creating filter chain: Ant [pattern='/check/sign'], []
[2017-06-30 11:28:39:313] [main] [INFO ] - org.spr.sec.web.DefaultSecurityFilterChain - Creating filter chain: Ant [pattern='/henghr/*'], []
[2017-06-30 11:28:39:313] [main] [INFO ] - org.spr.sec.web.DefaultSecurityFilterChain - Creating filter chain: Ant [pattern='/to-login'], []
[2017-06-30 11:28:39:313] [main] [INFO ] - org.spr.sec.web.DefaultSecurityFilterChain - Creating filter chain: Ant [pattern='/assets/css/*'], []
[2017-06-30 11:28:39:313] [main] [INFO ] - org.spr.sec.web.DefaultSecurityFilterChain - Creating filter chain: Ant [pattern='/assets/img/*'], []
[2017-06-30 11:28:39:313] [main] [INFO ] - org.spr.sec.web.DefaultSecurityFilterChain - Creating filter chain: Ant [pattern='/assets/js/*'], []
[2017-06-30 11:28:39:313] [main] [INFO ] - org.spr.sec.web.DefaultSecurityFilterChain - Creating filter chain: Ant [pattern='/soap/*'], []
[2017-06-30 11:28:39:313] [main] [INFO ] - org.spr.sec.web.DefaultSecurityFilterChain - Creating filter chain: Ant [pattern='/**/*.js'], []
[2017-06-30 11:28:39:313] [main] [INFO ] - org.spr.sec.web.DefaultSecurityFilterChain - Creating filter chain: Ant [pattern='/**/*.js.map'], []
[2017-06-30 11:28:39:313] [main] [INFO ] - org.spr.sec.web.DefaultSecurityFilterChain - Creating filter chain: Ant [pattern='/**/*.ts'], []
[2017-06-30 11:28:39:313] [main] [INFO ] - org.spr.sec.web.DefaultSecurityFilterChain - Creating filter chain: Ant [pattern='/**/*.css'], []
[2017-06-30 11:28:39:313] [main] [INFO ] - org.spr.sec.web.DefaultSecurityFilterChain - Creating filter chain: Ant [pattern='/**/*.css.map'], []
[2017-06-30 11:28:39:313] [main] [INFO ] - org.spr.sec.web.DefaultSecurityFilterChain - Creating filter chain: Ant [pattern='/**/*.png'], []
[2017-06-30 11:28:39:313] [main] [INFO ] - org.spr.sec.web.DefaultSecurityFilterChain - Creating filter chain: Ant [pattern='/**/*.gif'], []
[2017-06-30 11:28:39:313] [main] [INFO ] - org.spr.sec.web.DefaultSecurityFilterChain - Creating filter chain: Ant [pattern='/**/*.jpg'], []
[2017-06-30 11:28:39:313] [main] [INFO ] - org.spr.sec.web.DefaultSecurityFilterChain - Creating filter chain: Ant [pattern='/**/*.fco'], []
[2017-06-30 11:28:39:313] [main] [INFO ] - org.spr.sec.web.DefaultSecurityFilterChain - Creating filter chain: Ant [pattern='/**/*.woff'], []
[2017-06-30 11:28:39:313] [main] [INFO ] - org.spr.sec.web.DefaultSecurityFilterChain - Creating filter chain: Ant [pattern='/**/*.jpeg'], []
[2017-06-30 11:28:39:313] [main] [INFO ] - org.spr.sec.web.DefaultSecurityFilterChain - Creating filter chain: Ant [pattern='/**/*.woff2'], []
[2017-06-30 11:28:39:313] [main] [INFO ] - org.spr.sec.web.DefaultSecurityFilterChain - Creating filter chain: Ant [pattern='/**/*.font'], []
[2017-06-30 11:28:39:313] [main] [INFO ] - org.spr.sec.web.DefaultSecurityFilterChain - Creating filter chain: Ant [pattern='/**/*.svg'], []
[2017-06-30 11:28:39:313] [main] [INFO ] - org.spr.sec.web.DefaultSecurityFilterChain - Creating filter chain: Ant [pattern='/**/*.ttf'], []
[2017-06-30 11:28:39:313] [main] [INFO ] - org.spr.sec.web.DefaultSecurityFilterChain - Creating filter chain: Ant [pattern='/**/*.pdf'], []
[2017-06-30 11:28:39:313] [main] [INFO ] - org.spr.sec.web.DefaultSecurityFilterChain - Creating filter chain: Ant [pattern='/*.ico'], []
[2017-06-30 11:28:39:313] [main] [INFO ] - org.spr.sec.web.DefaultSecurityFilterChain - Creating filter chain: Ant [pattern='/admin/api/**'], []
[2017-06-30 11:28:39:313] [main] [INFO ] - org.spr.sec.web.DefaultSecurityFilterChain - Creating filter chain: Ant [pattern='/404'], []
[2017-06-30 11:28:39:313] [main] [INFO ] - org.spr.sec.web.DefaultSecurityFilterChain - Creating filter chain: Ant [pattern='/401'], []
[2017-06-30 11:28:39:313] [main] [INFO ] - org.spr.sec.web.DefaultSecurityFilterChain - Creating filter chain: Ant [pattern='/403'], []
[2017-06-30 11:28:39:313] [main] [INFO ] - org.spr.sec.web.DefaultSecurityFilterChain - Creating filter chain: Ant [pattern='/error'], []
[2017-06-30 11:28:39:313] [main] [INFO ] - org.spr.sec.web.DefaultSecurityFilterChain - Creating filter chain: Ant [pattern='/sign/check'], []
[2017-06-30 11:28:39:313] [main] [INFO ] - org.spr.sec.web.DefaultSecurityFilterChain - Creating filter chain: Ant [pattern='/cxf/**'], []
[2017-06-30 11:28:39:497] [main] [INFO ] - org.spr.sec.web.DefaultSecurityFilterChain - Creating filter chain: org.springframework.security.web.util.matcher.AnyRequestMatcher@1, [org.springframework.security.web.context.request.async.WebAsyncManagerIntegrationFilter@39153b05, org.springframework.security.web.context.SecurityContextPersistenceFilter@79c9a128, org.springframework.security.web.header.HeaderWriterFilter@5cc85ffc, org.springframework.security.web.authentication.logout.LogoutFilter@6461c673, org.springframework.security.web.authentication.UsernamePasswordAuthenticationFilter@1b68e626, org.springframework.security.web.authentication.rememberme.RememberMeAuthenticationFilter@24c94e95, org.springframework.security.web.session.SessionManagementFilter@4e6881e, org.springframework.security.web.access.ExceptionTranslationFilter@5e8f1db2, com.hc.henghuirong.server.interceptor.UrlSecurityInterceptor@26fee641]
[2017-06-30 11:28:41:590] [main] [INFO ] - com.git.lts.cor.jso.JSONFactory -  [LTS] Using JSON lib fastjson, lts version: 1.7.0, current host: 192.168.202.109
[2017-06-30 11:28:41:623] [main] [INFO ] - com.git.lts.cor.clu.JobNode -  [LTS] Current Node config :{"available":true,"clusterName":"test_cluster","dataPath":"C:\\Users\\dell-3020","identity":"JC_192.168.202.109_13852_11-28-41.485_1","invokeTimeoutMillis":60000,"ip":"192.168.202.109","listenPort":0,"nodeGroup":"test_jobClient","nodeType":"JOB_CLIENT","parameters":{"job.fail.store":"mapdb"},"registryAddress":"zookeeper://10.100.19.228:2181","workThreads":64}, lts version: 1.7.0, current host: 192.168.202.109
[2017-06-30 11:28:41:686] [main] [INFO ] - com.git.lts.cmd.HttpCmdAcceptor -  [LTS] HttpCmdAcceptor start succeed , lts version: 1.7.0, current host: 192.168.202.109
[2017-06-30 11:28:41:686] [main] [INFO ] - com.git.lts.cmd.HttpCmdServer -  [LTS] 
===========================================================================================
Start succeed at port 8719
===========================================================================================, lts version: 1.7.0, current host: 192.168.202.109
[2017-06-30 11:28:42:654] [main] [INFO ] - com.git.lts.cor.fai.FailStore -  [LTS] Current failStore path is C:\Users\dell-3020\.lts\JOB_CLIENT\test_jobClient\job_submit_failstore\mapdb\JC_192.168.202.109_13852_11-28-41.485_1, lts version: 1.7.0, current host: 192.168.202.109
[2017-06-30 11:28:44:688] [main] [INFO ] - com.git.lts.cor.sup.RetryScheduler -  [LTS] Start RetryJobClient RetryScheduler success, identity=[JC_192.168.202.109_13852_11-28-41.485_1], lts version: 1.7.0, current host: 192.168.202.109
[2017-06-30 11:28:44:872] [main] [INFO ] - com.git.lts.jvm.JVMMonitor -  [LTS] Start JVMMonitor succeed , lts version: 1.7.0, current host: 192.168.202.109
[2017-06-30 11:28:45:394] [main] [INFO ] - com.git.lts.cor.mon.AbstractMStatReporter -  [LTS] MStatReporter start succeed., lts version: 1.7.0, current host: 192.168.202.109
[2017-06-30 11:28:45:537] [main] [INFO ] - org.apa.zoo.ZooKeeper - Client environment:zookeeper.version=3.4.6-1569965, built on 02/20/2014 09:09 GMT
[2017-06-30 11:28:45:537] [main] [INFO ] - org.apa.zoo.ZooKeeper - Client environment:host.name=dell-3020-PC
[2017-06-30 11:28:45:537] [main] [INFO ] - org.apa.zoo.ZooKeeper - Client environment:java.version=1.8.0_11
[2017-06-30 11:28:45:537] [main] [INFO ] - org.apa.zoo.ZooKeeper - Client environment:java.vendor=Oracle Corporation
[2017-06-30 11:28:45:538] [main] [INFO ] - org.apa.zoo.ZooKeeper - Client environment:java.home=E:\tools\jdk1.8.0_11\jre
[2017-06-30 11:28:45:538] [main] [INFO ] - org.apa.zoo.ZooKeeper - Client environment:java.class.path=D:\谷歌download\ideaIU-2016.3.5.win\lib\idea_rt.jar;D:\谷歌download\ideaIU-2016.3.5.win\plugins\junit\lib\junit-rt.jar;E:\tools\jdk1.8.0_11\jre\lib\charsets.jar;E:\tools\jdk1.8.0_11\jre\lib\deploy.jar;E:\tools\jdk1.8.0_11\jre\lib\ext\access-bridge-64.jar;E:\tools\jdk1.8.0_11\jre\lib\ext\cldrdata.jar;E:\tools\jdk1.8.0_11\jre\lib\ext\dnsns.jar;E:\tools\jdk1.8.0_11\jre\lib\ext\jaccess.jar;E:\tools\jdk1.8.0_11\jre\lib\ext\jfxrt.jar;E:\tools\jdk1.8.0_11\jre\lib\ext\localedata.jar;E:\tools\jdk1.8.0_11\jre\lib\ext\nashorn.jar;E:\tools\jdk1.8.0_11\jre\lib\ext\sunec.jar;E:\tools\jdk1.8.0_11\jre\lib\ext\sunjce_provider.jar;E:\tools\jdk1.8.0_11\jre\lib\ext\sunmscapi.jar;E:\tools\jdk1.8.0_11\jre\lib\ext\sunpkcs11.jar;E:\tools\jdk1.8.0_11\jre\lib\ext\zipfs.jar;E:\tools\jdk1.8.0_11\jre\lib\javaws.jar;E:\tools\jdk1.8.0_11\jre\lib\jce.jar;E:\tools\jdk1.8.0_11\jre\lib\jfr.jar;E:\tools\jdk1.8.0_11\jre\lib\jfxswt.jar;E:\tools\jdk1.8.0_11\jre\lib\jsse.jar;E:\tools\jdk1.8.0_11\jre\lib\management-agent.jar;E:\tools\jdk1.8.0_11\jre\lib\plugin.jar;E:\tools\jdk1.8.0_11\jre\lib\resources.jar;E:\tools\jdk1.8.0_11\jre\lib\rt.jar;D:\git\master\java-demo\target\test-classes;D:\git\master\java-demo\target\classes;C:\Users\dell-3020\.m2\repository\org\springframework\data\spring-data-solr\2.1.4.RELEASE\spring-data-solr-2.1.4.RELEASE.jar;C:\Users\dell-3020\.m2\repository\org\springframework\spring-context\4.3.5.RELEASE\spring-context-4.3.5.RELEASE.jar;C:\Users\dell-3020\.m2\repository\org\springframework\spring-beans\4.3.5.RELEASE\spring-beans-4.3.5.RELEASE.jar;C:\Users\dell-3020\.m2\repository\org\springframework\spring-expression\4.3.5.RELEASE\spring-expression-4.3.5.RELEASE.jar;C:\Users\dell-3020\.m2\repository\org\springframework\spring-tx\4.3.5.RELEASE\spring-tx-4.3.5.RELEASE.jar;C:\Users\dell-3020\.m2\repository\org\springframework\data\spring-data-commons\1.12.6.RELEASE\spring-data-commons-1.12.6.RELEASE.jar;C:\Users\dell-3020\.m2\repository\org\apache\commons\commons-lang3\3.1\commons-lang3-3.1.jar;C:\Users\dell-3020\.m2\repository\com\fasterxml\jackson\core\jackson-databind\2.8.5\jackson-databind-2.8.5.jar;C:\Users\dell-3020\.m2\repository\org\slf4j\slf4j-api\1.7.22\slf4j-api-1.7.22.jar;C:\Users\dell-3020\.m2\repository\org\slf4j\jcl-over-slf4j\1.7.22\jcl-over-slf4j-1.7.22.jar;C:\Users\dell-3020\.m2\repository\org\apache\solr\solr-core\6.5.0\solr-core-6.5.0.jar;C:\Users\dell-3020\.m2\repository\org\apache\lucene\lucene-analyzers-common\6.5.0\lucene-analyzers-common-6.5.0.jar;C:\Users\dell-3020\.m2\repository\org\apache\lucene\lucene-analyzers-kuromoji\6.5.0\lucene-analyzers-kuromoji-6.5.0.jar;C:\Users\dell-3020\.m2\repository\org\apache\lucene\lucene-analyzers-phonetic\6.5.0\lucene-analyzers-phonetic-6.5.0.jar;C:\Users\dell-3020\.m2\repository\org\apache\lucene\lucene-backward-codecs\6.5.0\lucene-backward-codecs-6.5.0.jar;C:\Users\dell-3020\.m2\repository\org\apache\lucene\lucene-classification\6.5.0\lucene-classification-6.5.0.jar;C:\Users\dell-3020\.m2\repository\org\apache\lucene\lucene-codecs\6.5.0\lucene-codecs-6.5.0.jar;C:\Users\dell-3020\.m2\repository\org\apache\lucene\lucene-core\6.5.0\lucene-core-6.5.0.jar;C:\Users\dell-3020\.m2\repository\org\apache\lucene\lucene-expressions\6.5.0\lucene-expressions-6.5.0.jar;C:\Users\dell-3020\.m2\repository\org\apache\lucene\lucene-grouping\6.5.0\lucene-grouping-6.5.0.jar;C:\Users\dell-3020\.m2\repository\org\apache\lucene\lucene-highlighter\6.5.0\lucene-highlighter-6.5.0.jar;C:\Users\dell-3020\.m2\repository\org\apache\lucene\lucene-join\6.5.0\lucene-join-6.5.0.jar;C:\Users\dell-3020\.m2\repository\org\apache\lucene\lucene-memory\6.5.0\lucene-memory-6.5.0.jar;C:\Users\dell-3020\.m2\repository\org\apache\lucene\lucene-misc\6.5.0\lucene-misc-6.5.0.jar;C:\Users\dell-3020\.m2\repository\org\apache\lucene\lucene-queries\6.5.0\lucene-queries-6.5.0.jar;C:\Users\dell-3020\.m2\repository\org\apache\lucene\lucene-queryparser\6.5.0\lucene-queryparser-6.5.0.jar;C:\Users\dell-3020\.m2\repository\org\apache\lucene\lucene-sandbox\6.5.0\lucene-sandbox-6.5.0.jar;C:\Users\dell-3020\.m2\repository\org\apache\lucene\lucene-spatial-extras\6.5.0\lucene-spatial-extras-6.5.0.jar;C:\Users\dell-3020\.m2\repository\org\apache\lucene\lucene-suggest\6.5.0\lucene-suggest-6.5.0.jar;C:\Users\dell-3020\.m2\repository\com\carrotsearch\hppc\0.7.1\hppc-0.7.1.jar;C:\Users\dell-3020\.m2\repository\com\fasterxml\jackson\core\jackson-annotations\2.8.5\jackson-annotations-2.8.5.jar;C:\Users\dell-3020\.m2\repository\com\fasterxml\jackson\core\jackson-core\2.8.5\jackson-core-2.8.5.jar;C:\Users\dell-3020\.m2\repository\com\fasterxml\jackson\dataformat\jackson-dataformat-smile\2.8.5\jackson-dataformat-smile-2.8.5.jar;C:\Users\dell-3020\.m2\repository\com\github\ben-manes\caffeine\caffeine\2.3.5\caffeine-2.3.5.jar;C:\Users\dell-3020\.m2\repository\com\google\protobuf\protobuf-java\3.1.0\protobuf-java-3.1.0.jar;C:\Users\dell-3020\.m2\repository\com\tdunning\t-digest\3.1\t-digest-3.1.jar;C:\Users\dell-3020\.m2\repository\commons-cli\commons-cli\1.2\commons-cli-1.2.jar;C:\Users\dell-3020\.m2\repository\commons-collections\commons-collections\3.2.2\commons-collections-3.2.2.jar;C:\Users\dell-3020\.m2\repository\commons-configuration\commons-configuration\1.6\commons-configuration-1.6.jar;C:\Users\dell-3020\.m2\repository\commons-fileupload\commons-fileupload\1.3.2\commons-fileupload-1.3.2.jar;C:\Users\dell-3020\.m2\repository\dom4j\dom4j\1.6.1\dom4j-1.6.1.jar;C:\Users\dell-3020\.m2\repository\info\ganglia\gmetric4j\gmetric4j\1.0.7\gmetric4j-1.0.7.jar;C:\Users\dell-3020\.m2\repository\io\dropwizard\metrics\metrics-core\3.1.2\metrics-core-3.1.2.jar;C:\Users\dell-3020\.m2\repository\io\dropwizard\metrics\metrics-ganglia\3.1.2\metrics-ganglia-3.1.2.jar;C:\Users\dell-3020\.m2\repository\io\dropwizard\metrics\metrics-graphite\3.1.2\metrics-graphite-3.1.2.jar;C:\Users\dell-3020\.m2\repository\io\dropwizard\metrics\metrics-jetty9\3.1.2\metrics-jetty9-3.1.2.jar;C:\Users\dell-3020\.m2\repository\io\dropwizard\metrics\metrics-jvm\3.1.2\metrics-jvm-3.1.2.jar;C:\Users\dell-3020\.m2\repository\javax\servlet\javax.servlet-api\3.1.0\javax.servlet-api-3.1.0.jar;C:\Users\dell-3020\.m2\repository\joda-time\joda-time\2.9.6\joda-time-2.9.6.jar;C:\Users\dell-3020\.m2\repository\log4j\log4j\1.2.17\log4j-1.2.17.jar;C:\Users\dell-3020\.m2\repository\net\hydromatic\eigenbase-properties\1.1.5\eigenbase-properties-1.1.5.jar;C:\Users\dell-3020\.m2\repository\org\antlr\antlr4-runtime\4.5.1-1\antlr4-runtime-4.5.1-1.jar;C:\Users\dell-3020\.m2\repository\org\apache\calcite\calcite-core\1.11.0\calcite-core-1.11.0.jar;C:\Users\dell-3020\.m2\repository\org\apache\calcite\calcite-linq4j\1.11.0\calcite-linq4j-1.11.0.jar;C:\Users\dell-3020\.m2\repository\org\apache\calcite\avatica\avatica-core\1.9.0\avatica-core-1.9.0.jar;C:\Users\dell-3020\.m2\repository\org\apache\commons\commons-exec\1.3\commons-exec-1.3.jar;C:\Users\dell-3020\.m2\repository\org\apache\curator\curator-client\2.8.0\curator-client-2.8.0.jar;C:\Users\dell-3020\.m2\repository\org\apache\curator\curator-framework\2.8.0\curator-framework-2.8.0.jar;C:\Users\dell-3020\.m2\repository\org\apache\curator\curator-recipes\2.8.0\curator-recipes-2.8.0.jar;C:\Users\dell-3020\.m2\repository\org\apache\hadoop\hadoop-annotations\2.7.2\hadoop-annotations-2.7.2.jar;E:\tools\jdk1.8.0_11\lib\tools.jar;C:\Users\dell-3020\.m2\repository\org\apache\hadoop\hadoop-auth\2.7.2\hadoop-auth-2.7.2.jar;C:\Users\dell-3020\.m2\repository\org\apache\hadoop\hadoop-common\2.7.2\hadoop-common-2.7.2.jar;C:\Users\dell-3020\.m2\repository\org\apache\hadoop\hadoop-hdfs\2.7.2\hadoop-hdfs-2.7.2.jar;C:\Users\dell-3020\.m2\repository\org\apache\htrace\htrace-core\3.2.0-incubating\htrace-core-3.2.0-incubating.jar;C:\Users\dell-3020\.m2\repository\org\apache\httpcomponents\httpclient\4.5.2\httpclient-4.5.2.jar;C:\Users\dell-3020\.m2\repository\org\apache\httpcomponents\httpcore\4.4.5\httpcore-4.4.5.jar;C:\Users\dell-3020\.m2\repository\org\apache\httpcomponents\httpmime\4.5.2\httpmime-4.5.2.jar;C:\Users\dell-3020\.m2\repository\org\apache\zookeeper\zookeeper\3.4.6\zookeeper-3.4.6.jar;C:\Users\dell-3020\.m2\repository\org\codehaus\jackson\jackson-core-asl\1.9.13\jackson-core-asl-1.9.13.jar;C:\Users\dell-3020\.m2\repository\org\codehaus\jackson\jackson-mapper-asl\1.9.13\jackson-mapper-asl-1.9.13.jar;C:\Users\dell-3020\.m2\repository\org\codehaus\janino\commons-compiler\2.7.6\commons-compiler-2.7.6.jar;C:\Users\dell-3020\.m2\repository\org\codehaus\janino\janino\2.7.8\janino-2.7.8.jar;C:\Users\dell-3020\.m2\repository\org\codehaus\woodstox\stax2-api\3.1.4\stax2-api-3.1.4.jar;C:\Users\dell-3020\.m2\repository\org\codehaus\woodstox\woodstox-core-asl\4.4.1\woodstox-core-asl-4.4.1.jar;C:\Users\dell-3020\.m2\repository\org\eclipse\jetty\jetty-continuation\9.3.14.v20161028\jetty-continuation-9.3.14.v20161028.jar;C:\Users\dell-3020\.m2\repository\org\eclipse\jetty\jetty-deploy\9.3.14.v20161028\jetty-deploy-9.3.14.v20161028.jar;C:\Users\dell-3020\.m2\repository\org\eclipse\jetty\jetty-http\9.3.14.v20161028\jetty-http-9.3.14.v20161028.jar;C:\Users\dell-3020\.m2\repository\org\eclipse\jetty\jetty-io\9.3.14.v20161028\jetty-io-9.3.14.v20161028.jar;C:\Users\dell-3020\.m2\repository\org\eclipse\jetty\jetty-jmx\9.3.14.v20161028\jetty-jmx-9.3.14.v20161028.jar;C:\Users\dell-3020\.m2\repository\org\eclipse\jetty\jetty-rewrite\9.3.14.v20161028\jetty-rewrite-9.3.14.v20161028.jar;C:\Users\dell-3020\.m2\repository\org\eclipse\jetty\jetty-security\9.3.14.v20161028\jetty-security-9.3.14.v20161028.jar;C:\Users\dell-3020\.m2\repository\org\eclipse\jetty\jetty-server\9.3.14.v20161028\jetty-server-9.3.14.v20161028.jar;C:\Users\dell-3020\.m2\repository\org\eclipse\jetty\jetty-servlet\9.3.14.v20161028\jetty-servlet-9.3.14.v20161028.jar;C:\Users\dell-3020\.m2\repository\org\eclipse\jetty\jetty-servlets\9.3.14.v20161028\jetty-servlets-9.3.14.v20161028.jar;C:\Users\dell-3020\.m2\repository\org\eclipse\jetty\jetty-util\9.3.14.v20161028\jetty-util-9.3.14.v20161028.jar;C:\Users\dell-3020\.m2\repository\org\eclipse\jetty\jetty-webapp\9.3.14.v20161028\jetty-webapp-9.3.14.v20161028.jar;C:\Users\dell-3020\.m2\repository\org\eclipse\jetty\jetty-xml\9.3.14.v20161028\jetty-xml-9.3.14.v20161028.jar;C:\Users\dell-3020\.m2\repository\org\locationtech\spatial4j\spatial4j\0.6\spatial4j-0.6.jar;C:\Users\dell-3020\.m2\repository\org\noggit\noggit\0.6\noggit-0.6.jar;C:\Users\dell-3020\.m2\repository\org\ow2\asm\asm\5.1\asm-5.1.jar;C:\Users\dell-3020\.m2\repository\org\ow2\asm\asm-commons\5.1\asm-commons-5.1.jar;C:\Users\dell-3020\.m2\repository\org\restlet\jee\org.restlet\2.3.0\org.restlet-2.3.0.jar;C:\Users\dell-3020\.m2\repository\org\restlet\jee\org.restlet.ext.servlet\2.3.0\org.restlet.ext.servlet-2.3.0.jar;C:\Users\dell-3020\.m2\repository\org\apache\solr\solr-solrj\6.5.0\solr-solrj-6.5.0.jar;C:\Users\dell-3020\.m2\repository\org\springframework\boot\spring-boot-starter-mail\1.5.2.RELEASE\spring-boot-starter-mail-1.5.2.RELEASE.jar;C:\Users\dell-3020\.m2\repository\org\springframework\spring-context-support\4.3.5.RELEASE\spring-context-support-4.3.5.RELEASE.jar;C:\Users\dell-3020\.m2\repository\com\sun\mail\javax.mail\1.5.6\javax.mail-1.5.6.jar;C:\Users\dell-3020\.m2\repository\javax\activation\activation\1.1\activation-1.1.jar;C:\Users\dell-3020\.m2\repository\org\springframework\boot\spring-boot-starter-freemarker\1.5.2.RELEASE\spring-boot-starter-freemarker-1.5.2.RELEASE.jar;C:\Users\dell-3020\.m2\repository\org\freemarker\freemarker\2.3.25-incubating\freemarker-2.3.25-incubating.jar;C:\Users\dell-3020\.m2\repository\redis\clients\jedis\2.8.2\jedis-2.8.2.jar;C:\Users\dell-3020\.m2\repository\org\apache\commons\commons-pool2\2.4.2\commons-pool2-2.4.2.jar;C:\Users\dell-3020\.m2\repository\com\github\ltsopensource\lts-spring\1.7.0\lts-spring-1.7.0.jar;C:\Users\dell-3020\.m2\repository\com\github\ltsopensource\lts-jobclient\1.7.0\lts-jobclient-1.7.0.jar;C:\Users\dell-3020\.m2\repository\com\github\ltsopensource\lts-tasktracker\1.7.0\lts-tasktracker-1.7.0.jar;C:\Users\dell-3020\.m2\repository\com\github\ltsopensource\lts-core\1.7.0\lts-core-1.7.0.jar;C:\Users\dell-3020\.m2\repository\org\javassist\javassist\3.20.0-GA\javassist-3.20.0-GA.jar;C:\Users\dell-3020\.m2\repository\io\netty\netty-all\4.0.20.Final\netty-all-4.0.20.Final.jar;C:\Users\dell-3020\.m2\repository\org\mapdb\mapdb\2.0-beta10\mapdb-2.0-beta10.jar;C:\Users\dell-3020\.m2\repository\com\github\sgroschupf\zkclient\0.1\zkclient-0.1.jar;C:\Users\dell-3020\.m2\repository\org\springframework\boot\spring-boot-starter-thymeleaf\1.4.3.RELEASE\spring-boot-starter-thymeleaf-1.4.3.RELEASE.jar;C:\Users\dell-3020\.m2\repository\org\thymeleaf\thymeleaf-spring4\2.1.5.RELEASE\thymeleaf-spring4-2.1.5.RELEASE.jar;C:\Users\dell-3020\.m2\repository\org\thymeleaf\thymeleaf\2.1.5.RELEASE\thymeleaf-2.1.5.RELEASE.jar;C:\Users\dell-3020\.m2\repository\ognl\ognl\3.0.8\ognl-3.0.8.jar;C:\Users\dell-3020\.m2\repository\org\unbescape\unbescape\1.1.0.RELEASE\unbescape-1.1.0.RELEASE.jar;C:\Users\dell-3020\.m2\repository\nz\net\ultraq\thymeleaf\thymeleaf-layout-dialect\1.4.0\thymeleaf-layout-dialect-1.4.0.jar;C:\Users\dell-3020\.m2\repository\org\codehaus\groovy\groovy\2.4.7\groovy-2.4.7.jar;C:\Users\dell-3020\.m2\repository\org\springframework\boot\spring-boot-starter-web\1.4.3.RELEASE\spring-boot-starter-web-1.4.3.RELEASE.jar;C:\Users\dell-3020\.m2\repository\org\springframework\boot\spring-boot-starter-tomcat\1.4.3.RELEASE\spring-boot-starter-tomcat-1.4.3.RELEASE.jar;C:\Users\dell-3020\.m2\repository\org\apache\tomcat\embed\tomcat-embed-core\8.5.6\tomcat-embed-core-8.5.6.jar;C:\Users\dell-3020\.m2\repository\org\apache\tomcat\embed\tomcat-embed-el\8.5.6\tomcat-embed-el-8.5.6.jar;C:\Users\dell-3020\.m2\repository\org\apache\tomcat\embed\tomcat-embed-websocket\8.5.6\tomcat-embed-websocket-8.5.6.jar;C:\Users\dell-3020\.m2\repository\org\hibernate\hibernate-validator\5.2.4.Final\hibernate-validator-5.2.4.Final.jar;C:\Users\dell-3020\.m2\repository\org\jboss\logging\jboss-logging\3.3.0.Final\jboss-logging-3.3.0.Final.jar;C:\Users\dell-3020\.m2\repository\org\springframework\spring-web\4.3.5.RELEASE\spring-web-4.3.5.RELEASE.jar;C:\Users\dell-3020\.m2\repository\org\springframework\spring-webmvc\4.3.5.RELEASE\spring-webmvc-4.3.5.RELEASE.jar;C:\Users\dell-3020\.m2\repository\org\springframework\boot\spring-boot-starter-test\1.4.3.RELEASE\spring-boot-starter-test-1.4.3.RELEASE.jar;C:\Users\dell-3020\.m2\repository\org\springframework\boot\spring-boot-test\1.4.3.RELEASE\spring-boot-test-1.4.3.RELEASE.jar;C:\Users\dell-3020\.m2\repository\org\springframework\boot\spring-boot-test-autoconfigure\1.4.3.RELEASE\spring-boot-test-autoconfigure-1.4.3.RELEASE.jar;C:\Users\dell-3020\.m2\repository\org\assertj\assertj-core\2.5.0\assertj-core-2.5.0.jar;C:\Users\dell-3020\.m2\repository\org\mockito\mockito-core\1.10.19\mockito-core-1.10.19.jar;C:\Users\dell-3020\.m2\repository\org\objenesis\objenesis\2.1\objenesis-2.1.jar;C:\Users\dell-3020\.m2\repository\org\hamcrest\hamcrest-core\1.3\hamcrest-core-1.3.jar;C:\Users\dell-3020\.m2\repository\org\hamcrest\hamcrest-library\1.3\hamcrest-library-1.3.jar;C:\Users\dell-3020\.m2\repository\org\skyscreamer\jsonassert\1.3.0\jsonassert-1.3.0.jar;C:\Users\dell-3020\.m2\repository\org\json\json\20140107\json-20140107.jar;C:\Users\dell-3020\.m2\repository\org\springframework\spring-core\4.3.5.RELEASE\spring-core-4.3.5.RELEASE.jar;C:\Users\dell-3020\.m2\repository\org\springframework\spring-test\4.3.5.RELEASE\spring-test-4.3.5.RELEASE.jar;C:\Users\dell-3020\.m2\repository\org\springframework\boot\spring-boot-starter-security\1.4.3.RELEASE\spring-boot-starter-security-1.4.3.RELEASE.jar;C:\Users\dell-3020\.m2\repository\org\springframework\spring-aop\4.3.5.RELEASE\spring-aop-4.3.5.RELEASE.jar;C:\Users\dell-3020\.m2\repository\org\springframework\security\spring-security-config\4.1.4.RELEASE\spring-security-config-4.1.4.RELEASE.jar;C:\Users\dell-3020\.m2\repository\org\springframework\security\spring-security-core\4.1.4.RELEASE\spring-security-core-4.1.4.RELEASE.jar;C:\Users\dell-3020\.m2\repository\org\springframework\security\spring-security-web\4.1.4.RELEASE\spring-security-web-4.1.4.RELEASE.jar;C:\Users\dell-3020\.m2\repository\org\apache\cxf\cxf-spring-boot-starter-jaxws\3.1.7\cxf-spring-boot-starter-jaxws-3.1.7.jar;C:\Users\dell-3020\.m2\repository\org\apache\cxf\cxf-spring-boot-autoconfigure\3.1.7\cxf-spring-boot-autoconfigure-3.1.7.jar;C:\Users\dell-3020\.m2\repository\javax\validation\validation-api\1.1.0.Final\validation-api-1.1.0.Final.jar;C:\Users\dell-3020\.m2\repository\org\springframework\boot\spring-boot-starter\1.4.3.RELEASE\spring-boot-starter-1.4.3.RELEASE.jar;C:\Users\dell-3020\.m2\repository\org\springframework\boot\spring-boot\1.4.3.RELEASE\spring-boot-1.4.3.RELEASE.jar;C:\Users\dell-3020\.m2\repository\org\springframework\boot\spring-boot-autoconfigure\1.4.3.RELEASE\spring-boot-autoconfigure-1.4.3.RELEASE.jar;C:\Users\dell-3020\.m2\repository\org\yaml\snakeyaml\1.17\snakeyaml-1.17.jar;C:\Users\dell-3020\.m2\repository\org\springframework\boot\spring-boot-starter-log4j2\1.4.3.RELEASE\spring-boot-starter-log4j2-1.4.3.RELEASE.jar;C:\Users\dell-3020\.m2\repository\org\apache\logging\log4j\log4j-slf4j-impl\2.6.2\log4j-slf4j-impl-2.6.2.jar;C:\Users\dell-3020\.m2\repository\org\apache\logging\log4j\log4j-api\2.6.2\log4j-api-2.6.2.jar;C:\Users\dell-3020\.m2\repository\org\apache\logging\log4j\log4j-core\2.6.2\log4j-core-2.6.2.jar;C:\Users\dell-3020\.m2\repository\org\slf4j\jul-to-slf4j\1.7.22\jul-to-slf4j-1.7.22.jar;C:\Users\dell-3020\.m2\repository\org\springframework\boot\spring-boot-starter-aop\1.4.3.RELEASE\spring-boot-starter-aop-1.4.3.RELEASE.jar;C:\Users\dell-3020\.m2\repository\org\aspectj\aspectjweaver\1.8.9\aspectjweaver-1.8.9.jar;C:\Users\dell-3020\.m2\repository\com\hazelcast\hazelcast\3.7.4\hazelcast-3.7.4.jar;C:\Users\dell-3020\.m2\repository\com\hazelcast\hazelcast-spring\3.7.4\hazelcast-spring-3.7.4.jar;C:\Users\dell-3020\.m2\repository\org\mybatis\spring\boot\mybatis-spring-boot-starter\1.0.1\mybatis-spring-boot-starter-1.0.1.jar;C:\Users\dell-3020\.m2\repository\org\springframework\boot\spring-boot-starter-jdbc\1.4.3.RELEASE\spring-boot-starter-jdbc-1.4.3.RELEASE.jar;C:\Users\dell-3020\.m2\repository\org\apache\tomcat\tomcat-jdbc\8.5.6\tomcat-jdbc-8.5.6.jar;C:\Users\dell-3020\.m2\repository\org\apache\tomcat\tomcat-juli\8.5.6\tomcat-juli-8.5.6.jar;C:\Users\dell-3020\.m2\repository\org\springframework\spring-jdbc\4.3.5.RELEASE\spring-jdbc-4.3.5.RELEASE.jar;C:\Users\dell-3020\.m2\repository\org\mybatis\spring\boot\mybatis-spring-boot-autoconfigure\1.0.1\mybatis-spring-boot-autoconfigure-1.0.1.jar;C:\Users\dell-3020\.m2\repository\org\mybatis\mybatis-spring\1.2.4\mybatis-spring-1.2.4.jar;C:\Users\dell-3020\.m2\repository\com\h2database\h2\1.4.193\h2-1.4.193.jar;C:\Users\dell-3020\.m2\repository\org\springframework\session\spring-session\1.2.2.RELEASE\spring-session-1.2.2.RELEASE.jar;C:\Users\dell-3020\.m2\repository\com\alibaba\druid\1.0.29\druid-1.0.29.jar;E:\tools\jdk1.8.0_11\lib\jconsole.jar;C:\Users\dell-3020\.m2\repository\mysql\mysql-connector-java\5.1.21\mysql-connector-java-5.1.21.jar;C:\Users\dell-3020\.m2\repository\tk\mybatis\mapper\3.4.0\mapper-3.4.0.jar;C:\Users\dell-3020\.m2\repository\javax\persistence\persistence-api\1.0\persistence-api-1.0.jar;C:\Users\dell-3020\.m2\repository\com\github\pagehelper\pagehelper\3.7.1\pagehelper-3.7.1.jar;C:\Users\dell-3020\.m2\repository\com\github\jsqlparser\jsqlparser\0.9.1\jsqlparser-0.9.1.jar;C:\Users\dell-3020\.m2\repository\com\github\miemiedev\mybatis-paginator\1.2.17\mybatis-paginator-1.2.17.jar;C:\Users\dell-3020\.m2\repository\org\mybatis\mybatis\3.3.0\mybatis-3.3.0.jar;C:\Users\dell-3020\.m2\repository\org\bgee\log4jdbc-log4j2\log4jdbc-log4j2-jdbc4.1\1.16\log4jdbc-log4j2-jdbc4.1-1.16.jar;C:\Users\dell-3020\.m2\repository\commons-codec\commons-codec\1.10\commons-codec-1.10.jar;C:\Users\dell-3020\.m2\repository\commons-io\commons-io\1.4\commons-io-1.4.jar;C:\Users\dell-3020\.m2\repository\com\alibaba\fastjson\1.2.28\fastjson-1.2.28.jar;C:\Users\dell-3020\.m2\repository\com\google\guava\guava\21.0\guava-21.0.jar;C:\Users\dell-3020\.m2\repository\junit\junit\4.12\junit-4.12.jar;C:\Users\dell-3020\.m2\repository\org\apache\cxf\cxf-rt-frontend-jaxws\3.1.9\cxf-rt-frontend-jaxws-3.1.9.jar;C:\Users\dell-3020\.m2\repository\xml-resolver\xml-resolver\1.2\xml-resolver-1.2.jar;C:\Users\dell-3020\.m2\repository\org\apache\cxf\cxf-core\3.1.9\cxf-core-3.1.9.jar;C:\Users\dell-3020\.m2\repository\org\apache\ws\xmlschema\xmlschema-core\2.2.1\xmlschema-core-2.2.1.jar;C:\Users\dell-3020\.m2\repository\org\apache\cxf\cxf-rt-bindings-soap\3.1.9\cxf-rt-bindings-soap-3.1.9.jar;C:\Users\dell-3020\.m2\repository\org\apache\cxf\cxf-rt-wsdl\3.1.9\cxf-rt-wsdl-3.1.9.jar;C:\Users\dell-3020\.m2\repository\wsdl4j\wsdl4j\1.6.3\wsdl4j-1.6.3.jar;C:\Users\dell-3020\.m2\repository\org\apache\cxf\cxf-rt-databinding-jaxb\3.1.9\cxf-rt-databinding-jaxb-3.1.9.jar;C:\Users\dell-3020\.m2\repository\com\sun\xml\bind\jaxb-impl\2.2.11\jaxb-impl-2.2.11.jar;C:\Users\dell-3020\.m2\repository\com\sun\xml\bind\jaxb-core\2.2.11\jaxb-core-2.2.11.jar;C:\Users\dell-3020\.m2\repository\org\apache\cxf\cxf-rt-bindings-xml\3.1.9\cxf-rt-bindings-xml-3.1.9.jar;C:\Users\dell-3020\.m2\repository\org\apache\cxf\cxf-rt-frontend-simple\3.1.9\cxf-rt-frontend-simple-3.1.9.jar;C:\Users\dell-3020\.m2\repository\org\apache\cxf\cxf-rt-ws-addr\3.1.9\cxf-rt-ws-addr-3.1.9.jar;C:\Users\dell-3020\.m2\repository\org\apache\cxf\cxf-rt-ws-policy\3.1.9\cxf-rt-ws-policy-3.1.9.jar;C:\Users\dell-3020\.m2\repository\org\apache\neethi\neethi\3.0.3\neethi-3.0.3.jar;C:\Users\dell-3020\.m2\repository\org\apache\cxf\cxf-rt-transports-http\3.1.9\cxf-rt-transports-http-3.1.9.jar;C:\Users\dell-3020\.m2\repository\commons-lang\commons-lang\2.6\commons-lang-2.6.jar;C:\Users\dell-3020\.m2\repository\io\springfox\springfox-swagger-ui\2.5.0\springfox-swagger-ui-2.5.0.jar;C:\Users\dell-3020\.m2\repository\io\springfox\springfox-spring-web\2.5.0\springfox-spring-web-2.5.0.jar;C:\Users\dell-3020\.m2\repository\io\springfox\springfox-swagger2\2.5.0\springfox-swagger2-2.5.0.jar;C:\Users\dell-3020\.m2\repository\io\swagger\swagger-annotations\1.5.9\swagger-annotations-1.5.9.jar;C:\Users\dell-3020\.m2\repository\io\swagger\swagger-models\1.5.9\swagger-models-1.5.9.jar;C:\Users\dell-3020\.m2\repository\io\springfox\springfox-spi\2.5.0\springfox-spi-2.5.0.jar;C:\Users\dell-3020\.m2\repository\io\springfox\springfox-core\2.5.0\springfox-core-2.5.0.jar;C:\Users\dell-3020\.m2\repository\io\springfox\springfox-schema\2.5.0\springfox-schema-2.5.0.jar;C:\Users\dell-3020\.m2\repository\io\springfox\springfox-swagger-common\2.5.0\springfox-swagger-common-2.5.0.jar;C:\Users\dell-3020\.m2\repository\com\fasterxml\classmate\1.3.3\classmate-1.3.3.jar;C:\Users\dell-3020\.m2\repository\org\springframework\plugin\spring-plugin-core\1.2.0.RELEASE\spring-plugin-core-1.2.0.RELEASE.jar;C:\Users\dell-3020\.m2\repository\org\springframework\plugin\spring-plugin-metadata\1.2.0.RELEASE\spring-plugin-metadata-1.2.0.RELEASE.jar;C:\Users\dell-3020\.m2\repository\org\mapstruct\mapstruct\1.0.0.Final\mapstruct-1.0.0.Final.jar;C:\Users\dell-3020\.m2\repository\org\springframework\boot\spring-boot-starter-amqp\1.4.3.RELEASE\spring-boot-starter-amqp-1.4.3.RELEASE.jar;C:\Users\dell-3020\.m2\repository\org\springframework\spring-messaging\4.3.5.RELEASE\spring-messaging-4.3.5.RELEASE.jar;C:\Users\dell-3020\.m2\repository\org\springframework\amqp\spring-rabbit\1.6.6.RELEASE\spring-rabbit-1.6.6.RELEASE.jar;C:\Users\dell-3020\.m2\repository\org\springframework\amqp\spring-amqp\1.6.6.RELEASE\spring-amqp-1.6.6.RELEASE.jar;C:\Users\dell-3020\.m2\repository\org\springframework\retry\spring-retry\1.1.5.RELEASE\spring-retry-1.1.5.RELEASE.jar;C:\Users\dell-3020\.m2\repository\com\rabbitmq\http-client\1.0.0.RELEASE\http-client-1.0.0.RELEASE.jar;C:\Users\dell-3020\.m2\repository\com\rabbitmq\amqp-client\3.6.5\amqp-client-3.6.5.jar;C:\Users\dell-3020\.m2\repository\com\jayway\jsonpath\json-path\2.2.0\json-path-2.2.0.jar;C:\Users\dell-3020\.m2\repository\net\minidev\json-smart\2.2.1\json-smart-2.2.1.jar;C:\Users\dell-3020\.m2\repository\net\minidev\accessors-smart\1.1\accessors-smart-1.1.jar;C:\Users\dell-3020\.m2\repository\org\springframework\boot\spring-boot-starter-web-services\1.4.3.RELEASE\spring-boot-starter-web-services-1.4.3.RELEASE.jar;C:\Users\dell-3020\.m2\repository\org\springframework\spring-oxm\4.3.5.RELEASE\spring-oxm-4.3.5.RELEASE.jar;C:\Users\dell-3020\.m2\repository\org\springframework\ws\spring-ws-core\2.3.1.RELEASE\spring-ws-core-2.3.1.RELEASE.jar;C:\Users\dell-3020\.m2\repository\org\springframework\ws\spring-xml\2.3.1.RELEASE\spring-xml-2.3.1.RELEASE.jar;C:\Users\dell-3020\.m2\repository\com\lmax\disruptor\3.3.6\disruptor-3.3.6.jar
[2017-06-30 11:28:45:538] [main] [INFO ] - org.apa.zoo.ZooKeeper - Client environment:java.library.path=E:\tools\jdk1.8.0_11\bin;C:\Windows\Sun\Java\bin;C:\Windows\system32;C:\Windows;E:\tools\jdk1.8.0_11\bin;E:\tools\apache-maven-3.2.2\bin;C:\Windows\system32;C:\Windows;C:\Windows\System32\Wbem;C:\Windows\System32\WindowsPowerShell\v1.0\;d:\Program Files\Git\cmd;D:\Program Files\Git\usr\bin;D:\Program Files\TortoiseGit\bin;D:\Program Files\nodejs\;D:\Android\sdk\platform-tools;D:\Android\sdk\tools;C:\Users\dell-3020\AppData\Roaming\npm;d:\Program Files (x86)\Microsoft VS Code\bin;.
[2017-06-30 11:28:45:538] [main] [INFO ] - org.apa.zoo.ZooKeeper - Client environment:java.io.tmpdir=C:\Users\DELL-3~1\AppData\Local\Temp\
[2017-06-30 11:28:45:538] [main] [INFO ] - org.apa.zoo.ZooKeeper - Client environment:java.compiler=<NA>
[2017-06-30 11:28:45:538] [main] [INFO ] - org.apa.zoo.ZooKeeper - Client environment:os.name=Windows 7
[2017-06-30 11:28:45:538] [main] [INFO ] - org.apa.zoo.ZooKeeper - Client environment:os.arch=amd64
[2017-06-30 11:28:45:538] [main] [INFO ] - org.apa.zoo.ZooKeeper - Client environment:os.version=6.1
[2017-06-30 11:28:45:538] [main] [INFO ] - org.apa.zoo.ZooKeeper - Client environment:user.name=dell-3020
[2017-06-30 11:28:45:538] [main] [INFO ] - org.apa.zoo.ZooKeeper - Client environment:user.home=C:\Users\dell-3020
[2017-06-30 11:28:45:538] [main] [INFO ] - org.apa.zoo.ZooKeeper - Client environment:user.dir=D:\git\master\java-demo
[2017-06-30 11:28:45:539] [main] [INFO ] - org.apa.zoo.ZooKeeper - Initiating client connection, connectString=10.100.19.228:2181 sessionTimeout=30000 watcher=org.I0Itec.zkclient.ZkClient@45bb5862
[2017-06-30 11:28:45:594] [main-SendThread(10.100.19.228:2181)] [INFO ] - org.apa.zoo.ClientCnxn - Opening socket connection to server 10.100.19.228/10.100.19.228:2181. Will not attempt to authenticate using SASL (unknown error)
[2017-06-30 11:28:45:600] [main-SendThread(10.100.19.228:2181)] [INFO ] - org.apa.zoo.ClientCnxn - Socket connection established to 10.100.19.228/10.100.19.228:2181, initiating session
[2017-06-30 11:28:46:003] [main-SendThread(10.100.19.228:2181)] [INFO ] - org.apa.zoo.ClientCnxn - Session establishment complete on server 10.100.19.228/10.100.19.228:2181, sessionid = 0x15b5669a19304cf, negotiated timeout = 30000
[2017-06-30 11:28:46:005] [main] [INFO ] - com.git.lts.cor.reg.RegistryStatMonitor -  [LTS] Registry available, lts version: 1.7.0, current host: 192.168.202.109
[2017-06-30 11:28:46:016] [main] [INFO ] - com.git.lts.cor.reg.Registry -  [LTS] Subscribe: {"address":"192.168.202.109:0","available":true,"clusterName":"test_cluster","createTime":1498793321543,"group":"test_jobClient","hostName":"dell-3020-PC","httpCmdPort":8719,"identity":"JC_192.168.202.109_13852_11-28-41.485_1","ip":"192.168.202.109","listenNodeTypes":["JOB_TRACKER","JOB_CLIENT","MONITOR"],"nodeType":"JOB_CLIENT","port":0,"threads":64}, lts version: 1.7.0, current host: 192.168.202.109
[2017-06-30 11:28:46:155] [main] [INFO ] - com.git.lts.rem.AbstractRemotingClient -  [LTS] createChannel: begin to connect remote host[10.100.19.228:3502] asynchronously, lts version: 1.7.0, current host: 192.168.202.109
[2017-06-30 11:28:46:168] [NettyClientWorkerThread_-thread-1] [INFO ] - com.git.lts.rem.net.NettyRemotingClient -  [LTS] CLIENT : CONNECT  UNKNOW => /10.100.19.228:3502, lts version: 1.7.0, current host: 192.168.202.109
[2017-06-30 11:28:46:173] [main] [INFO ] - com.git.lts.rem.AbstractRemotingClient -  [LTS] createChannel: connect remote host[10.100.19.228:3502] success, com.github.ltsopensource.remoting.netty.NettyChannelFuture@59f0ef6e, lts version: 1.7.0, current host: 192.168.202.109
[2017-06-30 11:28:46:664] [main] [INFO ] - com.git.lts.cor.clu.SubscribedNodeManager -  [LTS] Add {"address":"10.100.19.228:3502","available":true,"clusterName":"test_cluster","createTime":1491961268027,"group":"lts","hostName":"10.100.19.228","httpCmdPort":8719,"identity":"JT_10.100.19.228_14899_09-41-07.960_1","ip":"10.100.19.228","nodeType":"JOB_TRACKER","port":3502,"threads":64}, lts version: 1.7.0, current host: 192.168.202.109
[2017-06-30 11:28:46:683] [main] [INFO ] - com.git.lts.cor.clu.SubscribedNodeManager -  [LTS] Add {"address":"10.100.19.228:8730","available":true,"clusterName":"test_cluster","createTime":1491961284510,"group":"lts","hostName":"10.100.19.228","httpCmdPort":8730,"identity":"MO_10.100.19.228_14989_09-41-23.908_1","ip":"10.100.19.228","nodeType":"MONITOR","port":8730,"threads":64}, lts version: 1.7.0, current host: 192.168.202.109
[2017-06-30 11:28:46:683] [main] [INFO ] - com.git.lts.cor.reg.Registry -  [LTS] Register: {"address":"192.168.202.109:0","available":true,"clusterName":"test_cluster","createTime":1498793321543,"group":"test_jobClient","hostName":"dell-3020-PC","httpCmdPort":8719,"identity":"JC_192.168.202.109_13852_11-28-41.485_1","ip":"192.168.202.109","listenNodeTypes":["JOB_TRACKER","JOB_CLIENT","MONITOR"],"nodeType":"JOB_CLIENT","port":0,"threads":64}, lts version: 1.7.0, current host: 192.168.202.109
[2017-06-30 11:28:47:195] [ZkClient-EventThread-38-10.100.19.228:2181] [INFO ] - com.git.lts.cor.clu.SubscribedNodeManager -  [LTS] Add {"address":"192.168.202.109:0","available":true,"clusterName":"test_cluster","createTime":1498793321543,"group":"test_jobClient","hostName":"dell-3020-PC","httpCmdPort":8719,"identity":"JC_192.168.202.109_13852_11-28-41.485_1","ip":"192.168.202.109","nodeType":"JOB_CLIENT","port":0,"threads":64}, lts version: 1.7.0, current host: 192.168.202.109
[2017-06-30 11:28:47:196] [ZkClient-EventThread-38-10.100.19.228:2181] [INFO ] - com.git.lts.cor.clu.MasterElector -  [LTS] Current node become the master node:{"address":"192.168.202.109:0","available":true,"clusterName":"test_cluster","createTime":1498793321543,"group":"test_jobClient","hostName":"dell-3020-PC","httpCmdPort":8719,"identity":"JC_192.168.202.109_13852_11-28-41.485_1","ip":"192.168.202.109","nodeType":"JOB_CLIENT","port":0,"threads":64}, lts version: 1.7.0, current host: 192.168.202.109
[2017-06-30 11:28:47:209] [main] [INFO ] - com.git.lts.cor.clu.JobNode -  [LTS] ========== Start success, nodeType=JOB_CLIENT, identity=JC_192.168.202.109_13852_11-28-41.485_1, lts version: 1.7.0, current host: 192.168.202.109
[2017-06-30 11:28:47:210] [ZkClient-EventThread-38-10.100.19.228:2181] [INFO ] - com.git.lts.cor.sup.RetryScheduler -  [LTS] Start RetryJobClient master RetryScheduler success, identity=[JC_192.168.202.109_13852_11-28-41.485_1], lts version: 1.7.0, current host: 192.168.202.109
[2017-06-30 11:28:47:306] [main] [INFO ] - com.git.lts.cor.clu.JobNode -  [LTS] Current Node config :{"available":true,"clusterName":"test_cluster","dataPath":"C:\\Users\\dell-3020","identity":"TT_192.168.202.109_13852_11-28-47.305_2","invokeTimeoutMillis":60000,"ip":"192.168.202.109","listenPort":0,"nodeGroup":"test_trade_TaskTracker","nodeType":"TASK_TRACKER","parameters":{"job.fail.store":"mapdb"},"registryAddress":"zookeeper://10.100.19.228:2181","workThreads":10}, lts version: 1.7.0, current host: 192.168.202.109
[2017-06-30 11:28:47:311] [main] [INFO ] - com.git.lts.cor.mon.AbstractMStatReporter -  [LTS] MStatReporter start succeed., lts version: 1.7.0, current host: 192.168.202.109
[2017-06-30 11:28:47:360] [main] [INFO ] - com.git.lts.cor.fai.FailStore -  [LTS] Current failStore path is C:\Users\dell-3020\.lts\TASK_TRACKER\test_trade_TaskTracker\job_feedback_failstore\mapdb\TT_192.168.202.109_13852_11-28-47.305_2, lts version: 1.7.0, current host: 192.168.202.109
[2017-06-30 11:28:47:962] [main] [INFO ] - com.git.lts.cor.sup.RetryScheduler -  [LTS] Start JobPushProcessor RetryScheduler success, identity=[TT_192.168.202.109_13852_11-28-47.305_2], lts version: 1.7.0, current host: 192.168.202.109
[2017-06-30 11:28:47:963] [main] [INFO ] - org.apa.zoo.ZooKeeper - Initiating client connection, connectString=10.100.19.228:2181 sessionTimeout=30000 watcher=org.I0Itec.zkclient.ZkClient@526fbb80
[2017-06-30 11:28:47:966] [main-SendThread(10.100.19.228:2181)] [INFO ] - org.apa.zoo.ClientCnxn - Opening socket connection to server 10.100.19.228/10.100.19.228:2181. Will not attempt to authenticate using SASL (unknown error)
[2017-06-30 11:28:47:971] [main-SendThread(10.100.19.228:2181)] [INFO ] - org.apa.zoo.ClientCnxn - Socket connection established to 10.100.19.228/10.100.19.228:2181, initiating session
[2017-06-30 11:28:48:034] [main-SendThread(10.100.19.228:2181)] [INFO ] - org.apa.zoo.ClientCnxn - Session establishment complete on server 10.100.19.228/10.100.19.228:2181, sessionid = 0x15b5669a19304d0, negotiated timeout = 30000
[2017-06-30 11:28:48:034] [main] [INFO ] - com.git.lts.cor.reg.RegistryStatMonitor -  [LTS] Registry available, lts version: 1.7.0, current host: 192.168.202.109
[2017-06-30 11:28:48:041] [main] [INFO ] - com.git.lts.cor.reg.Registry -  [LTS] Subscribe: {"address":"192.168.202.109:0","available":true,"clusterName":"test_cluster","createTime":1498793327268,"group":"test_trade_TaskTracker","hostName":"dell-3020-PC","httpCmdPort":8719,"identity":"TT_192.168.202.109_13852_11-28-47.305_2","ip":"192.168.202.109","listenNodeTypes":["JOB_TRACKER","TASK_TRACKER","MONITOR"],"nodeType":"TASK_TRACKER","port":0,"threads":10}, lts version: 1.7.0, current host: 192.168.202.109
[2017-06-30 11:28:48:052] [main] [INFO ] - com.git.lts.rem.AbstractRemotingClient -  [LTS] createChannel: begin to connect remote host[10.100.19.228:3502] asynchronously, lts version: 1.7.0, current host: 192.168.202.109
[2017-06-30 11:28:48:053] [NettyClientWorkerThread_-thread-1] [INFO ] - com.git.lts.rem.net.NettyRemotingClient -  [LTS] CLIENT : CONNECT  UNKNOW => /10.100.19.228:3502, lts version: 1.7.0, current host: 192.168.202.109
[2017-06-30 11:28:48:059] [main] [INFO ] - com.git.lts.rem.AbstractRemotingClient -  [LTS] createChannel: connect remote host[10.100.19.228:3502] success, com.github.ltsopensource.remoting.netty.NettyChannelFuture@227cba85, lts version: 1.7.0, current host: 192.168.202.109
[2017-06-30 11:28:48:085] [main] [INFO ] - com.git.lts.cor.clu.SubscribedNodeManager -  [LTS] Add {"address":"10.100.19.228:3502","available":true,"clusterName":"test_cluster","createTime":1491961268027,"group":"lts","hostName":"10.100.19.228","httpCmdPort":8719,"identity":"JT_10.100.19.228_14899_09-41-07.960_1","ip":"10.100.19.228","nodeType":"JOB_TRACKER","port":3502,"threads":64}, lts version: 1.7.0, current host: 192.168.202.109
[2017-06-30 11:28:48:085] [LTS-InjvmEventCenter-Executor-thread-2] [INFO ] - JobPullMachine -  [LTS] Start Job pull machine success!, lts version: 1.7.0, current host: 192.168.202.109
[2017-06-30 11:28:48:106] [main] [INFO ] - com.git.lts.cor.clu.SubscribedNodeManager -  [LTS] Add {"address":"10.100.19.228:8730","available":true,"clusterName":"test_cluster","createTime":1491961284510,"group":"lts","hostName":"10.100.19.228","httpCmdPort":8730,"identity":"MO_10.100.19.228_14989_09-41-23.908_1","ip":"10.100.19.228","nodeType":"MONITOR","port":8730,"threads":64}, lts version: 1.7.0, current host: 192.168.202.109
[2017-06-30 11:28:48:106] [main] [INFO ] - com.git.lts.cor.reg.Registry -  [LTS] Register: {"address":"192.168.202.109:0","available":true,"clusterName":"test_cluster","createTime":1498793327268,"group":"test_trade_TaskTracker","hostName":"dell-3020-PC","httpCmdPort":8719,"identity":"TT_192.168.202.109_13852_11-28-47.305_2","ip":"192.168.202.109","listenNodeTypes":["JOB_TRACKER","TASK_TRACKER","MONITOR"],"nodeType":"TASK_TRACKER","port":0,"threads":10}, lts version: 1.7.0, current host: 192.168.202.109
[2017-06-30 11:28:48:739] [main] [INFO ] - com.git.lts.cor.clu.JobNode -  [LTS] ========== Start success, nodeType=TASK_TRACKER, identity=TT_192.168.202.109_13852_11-28-47.305_2, lts version: 1.7.0, current host: 192.168.202.109
[2017-06-30 11:28:48:883] [ZkClient-EventThread-59-10.100.19.228:2181] [INFO ] - com.git.lts.cor.clu.SubscribedNodeManager -  [LTS] Add {"address":"192.168.202.109:0","available":true,"clusterName":"test_cluster","createTime":1498793327268,"group":"test_trade_TaskTracker","hostName":"dell-3020-PC","httpCmdPort":8719,"identity":"TT_192.168.202.109_13852_11-28-47.305_2","ip":"192.168.202.109","nodeType":"TASK_TRACKER","port":0,"threads":10}, lts version: 1.7.0, current host: 192.168.202.109
[2017-06-30 11:28:48:883] [ZkClient-EventThread-59-10.100.19.228:2181] [INFO ] - com.git.lts.cor.clu.MasterElector -  [LTS] Current node become the master node:{"address":"192.168.202.109:0","available":true,"clusterName":"test_cluster","createTime":1498793327268,"group":"test_trade_TaskTracker","hostName":"dell-3020-PC","httpCmdPort":8719,"identity":"TT_192.168.202.109_13852_11-28-47.305_2","ip":"192.168.202.109","nodeType":"TASK_TRACKER","port":0,"threads":10}, lts version: 1.7.0, current host: 192.168.202.109
[2017-06-30 11:28:48:884] [ZkClient-EventThread-59-10.100.19.228:2181] [INFO ] - com.git.lts.cor.sup.RetryScheduler -  [LTS] Start JobPushProcessor master RetryScheduler success, identity=[TT_192.168.202.109_13852_11-28-47.305_2], lts version: 1.7.0, current host: 192.168.202.109
[2017-06-30 11:28:52:236] [main] [INFO ] - org.spr.con.sup.DefaultLifecycleProcessor - Starting beans in phase -2147482648
[2017-06-30 11:28:52:236] [main] [INFO ] - org.spr.con.sup.DefaultLifecycleProcessor - Starting beans in phase 2147483647
[2017-06-30 11:28:52:236] [main] [INFO ] - spr.doc.spr.web.plu.DocumentationPluginsBootstrapper - Context refreshed
[2017-06-30 11:28:52:307] [main] [INFO ] - spr.doc.spr.web.plu.DocumentationPluginsBootstrapper - Found 1 custom documentation plugin(s)
[2017-06-30 11:28:52:332] [main] [INFO ] - spr.doc.spr.web.sca.ApiListingReferenceScanner - Scanning for api listing references
[2017-06-30 11:28:52:609] [main] [INFO ] - spr.doc.spr.web.rea.ope.CachingOperationNameGenerator - Generating unique operation named: signUsingPOST_1
[2017-06-30 11:28:52:610] [main] [INFO ] - spr.doc.spr.web.rea.ope.CachingOperationNameGenerator - Generating unique operation named: signUsingPOST_2
[2017-06-30 11:28:52:611] [main] [INFO ] - spr.doc.spr.web.rea.ope.CachingOperationNameGenerator - Generating unique operation named: signUsingPOST_3
[2017-06-30 11:28:52:613] [main] [INFO ] - spr.doc.spr.web.rea.ope.CachingOperationNameGenerator - Generating unique operation named: signUsingPOST_4
[2017-06-30 11:28:52:614] [main] [INFO ] - spr.doc.spr.web.rea.ope.CachingOperationNameGenerator - Generating unique operation named: signUsingPOST_5
[2017-06-30 11:28:52:616] [main] [INFO ] - spr.doc.spr.web.rea.ope.CachingOperationNameGenerator - Generating unique operation named: signUsingPOST_6
[2017-06-30 11:28:52:617] [main] [INFO ] - spr.doc.spr.web.rea.ope.CachingOperationNameGenerator - Generating unique operation named: signUsingPOST_7
[2017-06-30 11:28:52:723] [main] [INFO ] - spr.doc.spr.web.rea.ope.CachingOperationNameGenerator - Generating unique operation named: index12UsingGET_1
[2017-06-30 11:28:52:726] [main] [INFO ] - spr.doc.spr.web.rea.ope.CachingOperationNameGenerator - Generating unique operation named: indexUsingGET_1
[2017-06-30 11:28:52:773] [main] [INFO ] - spr.doc.spr.web.rea.ope.CachingOperationNameGenerator - Generating unique operation named: createUsingPOST_1
[2017-06-30 11:28:52:776] [main] [INFO ] - spr.doc.spr.web.rea.ope.CachingOperationNameGenerator - Generating unique operation named: deleteUsingDELETE_1
[2017-06-30 11:28:52:778] [main] [INFO ] - spr.doc.spr.web.rea.ope.CachingOperationNameGenerator - Generating unique operation named: listUsingGET_1
[2017-06-30 11:28:52:783] [main] [INFO ] - spr.doc.spr.web.rea.ope.CachingOperationNameGenerator - Generating unique operation named: modifyUsingPOST_1
[2017-06-30 11:28:52:790] [main] [INFO ] - spr.doc.spr.web.rea.ope.CachingOperationNameGenerator - Generating unique operation named: toformUsingGET_1
[2017-06-30 11:28:52:801] [main] [INFO ] - spr.doc.spr.web.rea.ope.CachingOperationNameGenerator - Generating unique operation named: createUsingPOST_2
[2017-06-30 11:28:52:802] [main] [INFO ] - spr.doc.spr.web.rea.ope.CachingOperationNameGenerator - Generating unique operation named: deleteUsingDELETE_2
[2017-06-30 11:28:52:805] [main] [INFO ] - spr.doc.spr.web.rea.ope.CachingOperationNameGenerator - Generating unique operation named: listUsingGET_2
[2017-06-30 11:28:52:813] [main] [INFO ] - spr.doc.spr.web.rea.ope.CachingOperationNameGenerator - Generating unique operation named: modifyUsingPOST_2
[2017-06-30 11:28:52:815] [main] [INFO ] - spr.doc.spr.web.rea.ope.CachingOperationNameGenerator - Generating unique operation named: switchStatusUsingPUT_1
[2017-06-30 11:28:52:817] [main] [INFO ] - spr.doc.spr.web.rea.ope.CachingOperationNameGenerator - Generating unique operation named: toformUsingGET_2
[2017-06-30 11:28:52:821] [main] [INFO ] - spr.doc.spr.web.rea.ope.CachingOperationNameGenerator - Generating unique operation named: createUsingPOST_3
[2017-06-30 11:28:52:824] [main] [INFO ] - spr.doc.spr.web.rea.ope.CachingOperationNameGenerator - Generating unique operation named: deleteUsingDELETE_3
[2017-06-30 11:28:52:836] [main] [INFO ] - spr.doc.spr.web.rea.ope.CachingOperationNameGenerator - Generating unique operation named: listUsingGET_3
[2017-06-30 11:28:52:839] [main] [INFO ] - spr.doc.spr.web.rea.ope.CachingOperationNameGenerator - Generating unique operation named: modifyUsingPOST_3
[2017-06-30 11:28:52:856] [main] [INFO ] - spr.doc.spr.web.rea.ope.CachingOperationNameGenerator - Generating unique operation named: switchStatusUsingPUT_2
[2017-06-30 11:28:52:859] [main] [INFO ] - spr.doc.spr.web.rea.ope.CachingOperationNameGenerator - Generating unique operation named: toformUsingGET_3
[2017-06-30 11:28:52:878] [main] [INFO ] - spr.doc.spr.web.rea.ope.CachingOperationNameGenerator - Generating unique operation named: signUsingPOST_8
[2017-06-30 11:28:52:885] [main] [INFO ] - spr.doc.spr.web.rea.ope.CachingOperationNameGenerator - Generating unique operation named: signUsingPOST_9
[2017-06-30 11:28:52:890] [main] [INFO ] - spr.doc.spr.web.rea.ope.CachingOperationNameGenerator - Generating unique operation named: signUsingPOST_10
[2017-06-30 11:28:52:892] [main] [INFO ] - spr.doc.spr.web.rea.ope.CachingOperationNameGenerator - Generating unique operation named: signUsingPOST_11
[2017-06-30 11:28:52:897] [main] [INFO ] - spr.doc.spr.web.rea.ope.CachingOperationNameGenerator - Generating unique operation named: signUsingPOST_12
[2017-06-30 11:28:52:898] [main] [INFO ] - spr.doc.spr.web.rea.ope.CachingOperationNameGenerator - Generating unique operation named: signUsingPOST_13
[2017-06-30 11:28:52:899] [main] [INFO ] - spr.doc.spr.web.rea.ope.CachingOperationNameGenerator - Generating unique operation named: signUsingPOST_14
[2017-06-30 11:28:52:900] [main] [INFO ] - spr.doc.spr.web.rea.ope.CachingOperationNameGenerator - Generating unique operation named: signUsingPOST_15
[2017-06-30 11:28:52:903] [main] [INFO ] - spr.doc.spr.web.rea.ope.CachingOperationNameGenerator - Generating unique operation named: listUsingGET_4
[2017-06-30 11:28:52:907] [main] [INFO ] - spr.doc.spr.web.rea.ope.CachingOperationNameGenerator - Generating unique operation named: createUsingPOST_4
[2017-06-30 11:28:52:910] [main] [INFO ] - spr.doc.spr.web.rea.ope.CachingOperationNameGenerator - Generating unique operation named: deleteUsingDELETE_4
[2017-06-30 11:28:52:911] [main] [INFO ] - spr.doc.spr.web.rea.ope.CachingOperationNameGenerator - Generating unique operation named: listUsingGET_5
[2017-06-30 11:28:52:915] [main] [INFO ] - spr.doc.spr.web.rea.ope.CachingOperationNameGenerator - Generating unique operation named: modifyUsingPOST_4
[2017-06-30 11:28:52:916] [main] [INFO ] - spr.doc.spr.web.rea.ope.CachingOperationNameGenerator - Generating unique operation named: switchPathStatusUsingPUT_1
[2017-06-30 11:28:52:917] [main] [INFO ] - spr.doc.spr.web.rea.ope.CachingOperationNameGenerator - Generating unique operation named: toformUsingGET_4
[2017-06-30 11:28:52:922] [main] [INFO ] - spr.doc.spr.web.rea.ope.CachingOperationNameGenerator - Generating unique operation named: createUsingPOST_5
[2017-06-30 11:28:52:924] [main] [INFO ] - spr.doc.spr.web.rea.ope.CachingOperationNameGenerator - Generating unique operation named: deleteUsingDELETE_5
[2017-06-30 11:28:52:930] [main] [INFO ] - spr.doc.spr.web.rea.ope.CachingOperationNameGenerator - Generating unique operation named: listUsingGET_6
[2017-06-30 11:28:52:939] [main] [INFO ] - spr.doc.spr.web.rea.ope.CachingOperationNameGenerator - Generating unique operation named: modifyUsingPOST_5
[2017-06-30 11:28:52:943] [main] [INFO ] - spr.doc.spr.web.rea.ope.CachingOperationNameGenerator - Generating unique operation named: selectRoleUsingGET_1
[2017-06-30 11:28:52:950] [main] [INFO ] - spr.doc.spr.web.rea.ope.CachingOperationNameGenerator - Generating unique operation named: switchStatusUsingPUT_3
[2017-06-30 11:28:53:717] [messageContainer-1] [INFO ] - org.spr.amq.rab.con.CachingConnectionFactory - Created new connection: SimpleConnection@315283e0 [delegate=amqp://admin@10.100.19.228:5672/, localPort= 50297]
[2017-06-30 11:28:54:692] [main] [INFO ] - RedisLockTest - Started RedisLockTest in 43.107 seconds (JVM running for 60.261)
[2017-06-30 11:28:54:888] [main] [INFO ] - org.spr.tes.con.tra.TransactionContext - Began transaction (1) for test context [DefaultTestContext@75e32c4c testClass = RedisLockTest, testInstance = RedisLockTest@2945a3c1, testMethod = testTwo@RedisLockTest, testException = [null], mergedContextConfiguration = [WebMergedContextConfiguration@fd10007 testClass = RedisLockTest, locations = '{}', classes = '{class com.hc.henghuirong.server.App, class com.hc.henghuirong.server.App}', contextInitializerClasses = '[]', activeProfiles = '{}', propertySourceLocations = '{}', propertySourceProperties = '{org.springframework.boot.test.context.SpringBootTestContextBootstrapper=true}', contextCustomizers = set[org.springframework.boot.test.context.SpringBootTestContextCustomizer@2d1ef81a, org.springframework.boot.test.context.filter.ExcludeFilterContextCustomizer@5b12b668, org.springframework.boot.test.mock.mockito.MockitoContextCustomizer@0, org.springframework.boot.test.autoconfigure.properties.PropertyMappingContextCustomizer@0, org.springframework.boot.test.autoconfigure.web.servlet.WebDriverContextCustomizerFactory$Customizer@3857f613, org.springframework.test.context.web.socket.MockServerContainerContextCustomizer@3c9754d8], resourceBasePath = 'src/main/webapp', contextLoader = 'org.springframework.boot.test.context.SpringBootContextLoader', parent = [null]]]; transaction manager [org.springframework.jdbc.datasource.DataSourceTransactionManager@255d68d5]; rollback [true]
[2017-06-30 11:28:57:056] [main] [INFO ] - org.spr.tes.con.tra.TransactionContext - Rolled back transaction for test context [DefaultTestContext@75e32c4c testClass = RedisLockTest, testInstance = RedisLockTest@2945a3c1, testMethod = testTwo@RedisLockTest, testException = redis.clients.jedis.exceptions.JedisConnectionException: java.net.SocketTimeoutException: connect timed out, mergedContextConfiguration = [WebMergedContextConfiguration@fd10007 testClass = RedisLockTest, locations = '{}', classes = '{class com.hc.henghuirong.server.App, class com.hc.henghuirong.server.App}', contextInitializerClasses = '[]', activeProfiles = '{}', propertySourceLocations = '{}', propertySourceProperties = '{org.springframework.boot.test.context.SpringBootTestContextBootstrapper=true}', contextCustomizers = set[org.springframework.boot.test.context.SpringBootTestContextCustomizer@2d1ef81a, org.springframework.boot.test.context.filter.ExcludeFilterContextCustomizer@5b12b668, org.springframework.boot.test.mock.mockito.MockitoContextCustomizer@0, org.springframework.boot.test.autoconfigure.properties.PropertyMappingContextCustomizer@0, org.springframework.boot.test.autoconfigure.web.servlet.WebDriverContextCustomizerFactory$Customizer@3857f613, org.springframework.test.context.web.socket.MockServerContainerContextCustomizer@3c9754d8], resourceBasePath = 'src/main/webapp', contextLoader = 'org.springframework.boot.test.context.SpringBootContextLoader', parent = [null]]].
[2017-06-30 11:28:57:096] [Thread-11] [INFO ] - org.spr.web.con.sup.GenericWebApplicationContext - Closing org.springframework.web.context.support.GenericWebApplicationContext@5ce8d869: startup date [Fri Jun 30 11:28:13 CST 2017]; root of context hierarchy
