[2017-06-14 16:26:38:440] [main] [WARN ] - org.myb.spr.map.ClassPathMapperScanner - Skipping MapperFactoryBean with name 'ipPathCtrDao' and 'com.hc.henghuirong.server.dao.auth.IpPathCtrDao' mapperInterface. Bean already defined with the same name!
[2017-06-14 16:26:38:440] [main] [WARN ] - org.myb.spr.map.ClassPathMapperScanner - Skipping MapperFactoryBean with name 'menuDao' and 'com.hc.henghuirong.server.dao.auth.MenuDao' mapperInterface. Bean already defined with the same name!
[2017-06-14 16:26:38:440] [main] [WARN ] - org.myb.spr.map.ClassPathMapperScanner - Skipping MapperFactoryBean with name 'resourceDao' and 'com.hc.henghuirong.server.dao.auth.ResourceDao' mapperInterface. Bean already defined with the same name!
[2017-06-14 16:26:38:440] [main] [WARN ] - org.myb.spr.map.ClassPathMapperScanner - Skipping MapperFactoryBean with name 'roleDao' and 'com.hc.henghuirong.server.dao.auth.RoleDao' mapperInterface. Bean already defined with the same name!
[2017-06-14 16:26:38:440] [main] [WARN ] - org.myb.spr.map.ClassPathMapperScanner - Skipping MapperFactoryBean with name 'sysLogDao' and 'com.hc.henghuirong.server.dao.auth.SysLogDao' mapperInterface. Bean already defined with the same name!
[2017-06-14 16:26:38:440] [main] [WARN ] - org.myb.spr.map.ClassPathMapperScanner - Skipping MapperFactoryBean with name 'thirdPartyDao' and 'com.hc.henghuirong.server.dao.auth.ThirdPartyDao' mapperInterface. Bean already defined with the same name!
[2017-06-14 16:26:38:440] [main] [WARN ] - org.myb.spr.map.ClassPathMapperScanner - Skipping MapperFactoryBean with name 'userDao' and 'com.hc.henghuirong.server.dao.auth.UserDao' mapperInterface. Bean already defined with the same name!
[2017-06-14 16:26:38:440] [main] [WARN ] - org.myb.spr.map.ClassPathMapperScanner - Skipping MapperFactoryBean with name 'helloDao' and 'com.hc.henghuirong.server.dao.HelloDao' mapperInterface. Bean already defined with the same name!
[2017-06-14 16:26:38:440] [main] [WARN ] - org.myb.spr.map.ClassPathMapperScanner - Skipping MapperFactoryBean with name 'idDao' and 'com.hc.henghuirong.server.dao.IdDao' mapperInterface. Bean already defined with the same name!
[2017-06-14 16:26:38:441] [main] [WARN ] - org.myb.spr.map.ClassPathMapperScanner - No MyBatis mapper was found in '[com.hc.henghuirong.server.dao]' package. Please check your configuration.
[2017-06-14 16:26:38:447] [main] [WARN ] - org.spr.con.ann.ConfigurationClassPostProcessor - Cannot enhance @Configuration bean definition 'mapperScanConfig' since its singleton instance has been created too early. The typical cause is a non-static @Bean method with a BeanDefinitionRegistryPostProcessor return type: Consider declaring such methods as 'static'.
[2017-06-14 16:27:17:433] [main-SendThread(10.100.19.228:2181)] [WARN ] - org.apa.zoo.ClientCnxn - Session 0x0 for server null, unexpected error, closing socket connection and attempting reconnect
java.net.ConnectException: Connection timed out: no further information
	at sun.nio.ch.SocketChannelImpl.checkConnect(Native Method) ~[?:1.8.0_11]
	at sun.nio.ch.SocketChannelImpl.finishConnect(SocketChannelImpl.java:712) ~[?:1.8.0_11]
	at org.apache.zookeeper.ClientCnxnSocketNIO.doTransport(ClientCnxnSocketNIO.java:361) ~[zookeeper-3.4.6.jar:3.4.6-1569965]
	at org.apache.zookeeper.ClientCnxn$SendThread.run(ClientCnxn.java:1081) [zookeeper-3.4.6.jar:3.4.6-1569965]
[2017-06-14 16:33:25:984] [main] [WARN ] - org.myb.spr.map.ClassPathMapperScanner - Skipping MapperFactoryBean with name 'ipPathCtrDao' and 'com.hc.henghuirong.server.dao.auth.IpPathCtrDao' mapperInterface. Bean already defined with the same name!
[2017-06-14 16:33:25:984] [main] [WARN ] - org.myb.spr.map.ClassPathMapperScanner - Skipping MapperFactoryBean with name 'menuDao' and 'com.hc.henghuirong.server.dao.auth.MenuDao' mapperInterface. Bean already defined with the same name!
[2017-06-14 16:33:25:984] [main] [WARN ] - org.myb.spr.map.ClassPathMapperScanner - Skipping MapperFactoryBean with name 'resourceDao' and 'com.hc.henghuirong.server.dao.auth.ResourceDao' mapperInterface. Bean already defined with the same name!
[2017-06-14 16:33:25:984] [main] [WARN ] - org.myb.spr.map.ClassPathMapperScanner - Skipping MapperFactoryBean with name 'roleDao' and 'com.hc.henghuirong.server.dao.auth.RoleDao' mapperInterface. Bean already defined with the same name!
[2017-06-14 16:33:25:984] [main] [WARN ] - org.myb.spr.map.ClassPathMapperScanner - Skipping MapperFactoryBean with name 'sysLogDao' and 'com.hc.henghuirong.server.dao.auth.SysLogDao' mapperInterface. Bean already defined with the same name!
[2017-06-14 16:33:25:984] [main] [WARN ] - org.myb.spr.map.ClassPathMapperScanner - Skipping MapperFactoryBean with name 'thirdPartyDao' and 'com.hc.henghuirong.server.dao.auth.ThirdPartyDao' mapperInterface. Bean already defined with the same name!
[2017-06-14 16:33:25:984] [main] [WARN ] - org.myb.spr.map.ClassPathMapperScanner - Skipping MapperFactoryBean with name 'userDao' and 'com.hc.henghuirong.server.dao.auth.UserDao' mapperInterface. Bean already defined with the same name!
[2017-06-14 16:33:25:984] [main] [WARN ] - org.myb.spr.map.ClassPathMapperScanner - Skipping MapperFactoryBean with name 'helloDao' and 'com.hc.henghuirong.server.dao.HelloDao' mapperInterface. Bean already defined with the same name!
[2017-06-14 16:33:25:984] [main] [WARN ] - org.myb.spr.map.ClassPathMapperScanner - Skipping MapperFactoryBean with name 'idDao' and 'com.hc.henghuirong.server.dao.IdDao' mapperInterface. Bean already defined with the same name!
[2017-06-14 16:33:25:984] [main] [WARN ] - org.myb.spr.map.ClassPathMapperScanner - No MyBatis mapper was found in '[com.hc.henghuirong.server.dao]' package. Please check your configuration.
[2017-06-14 16:33:25:988] [main] [WARN ] - org.spr.con.ann.ConfigurationClassPostProcessor - Cannot enhance @Configuration bean definition 'mapperScanConfig' since its singleton instance has been created too early. The typical cause is a non-static @Bean method with a BeanDefinitionRegistryPostProcessor return type: Consider declaring such methods as 'static'.
[2017-06-14 16:35:23:050] [main] [WARN ] - org.myb.spr.map.ClassPathMapperScanner - Skipping MapperFactoryBean with name 'ipPathCtrDao' and 'com.hc.henghuirong.server.dao.auth.IpPathCtrDao' mapperInterface. Bean already defined with the same name!
[2017-06-14 16:35:23:050] [main] [WARN ] - org.myb.spr.map.ClassPathMapperScanner - Skipping MapperFactoryBean with name 'menuDao' and 'com.hc.henghuirong.server.dao.auth.MenuDao' mapperInterface. Bean already defined with the same name!
[2017-06-14 16:35:23:051] [main] [WARN ] - org.myb.spr.map.ClassPathMapperScanner - Skipping MapperFactoryBean with name 'resourceDao' and 'com.hc.henghuirong.server.dao.auth.ResourceDao' mapperInterface. Bean already defined with the same name!
[2017-06-14 16:35:23:051] [main] [WARN ] - org.myb.spr.map.ClassPathMapperScanner - Skipping MapperFactoryBean with name 'roleDao' and 'com.hc.henghuirong.server.dao.auth.RoleDao' mapperInterface. Bean already defined with the same name!
[2017-06-14 16:35:23:051] [main] [WARN ] - org.myb.spr.map.ClassPathMapperScanner - Skipping MapperFactoryBean with name 'sysLogDao' and 'com.hc.henghuirong.server.dao.auth.SysLogDao' mapperInterface. Bean already defined with the same name!
[2017-06-14 16:35:23:051] [main] [WARN ] - org.myb.spr.map.ClassPathMapperScanner - Skipping MapperFactoryBean with name 'thirdPartyDao' and 'com.hc.henghuirong.server.dao.auth.ThirdPartyDao' mapperInterface. Bean already defined with the same name!
[2017-06-14 16:35:23:051] [main] [WARN ] - org.myb.spr.map.ClassPathMapperScanner - Skipping MapperFactoryBean with name 'userDao' and 'com.hc.henghuirong.server.dao.auth.UserDao' mapperInterface. Bean already defined with the same name!
[2017-06-14 16:35:23:051] [main] [WARN ] - org.myb.spr.map.ClassPathMapperScanner - Skipping MapperFactoryBean with name 'helloDao' and 'com.hc.henghuirong.server.dao.HelloDao' mapperInterface. Bean already defined with the same name!
[2017-06-14 16:35:23:051] [main] [WARN ] - org.myb.spr.map.ClassPathMapperScanner - Skipping MapperFactoryBean with name 'idDao' and 'com.hc.henghuirong.server.dao.IdDao' mapperInterface. Bean already defined with the same name!
[2017-06-14 16:35:23:051] [main] [WARN ] - org.myb.spr.map.ClassPathMapperScanner - No MyBatis mapper was found in '[com.hc.henghuirong.server.dao]' package. Please check your configuration.
[2017-06-14 16:35:23:056] [main] [WARN ] - org.spr.con.ann.ConfigurationClassPostProcessor - Cannot enhance @Configuration bean definition 'mapperScanConfig' since its singleton instance has been created too early. The typical cause is a non-static @Bean method with a BeanDefinitionRegistryPostProcessor return type: Consider declaring such methods as 'static'.
